Base path: /Applications/Unity500f4/Unity.app/Contents
Pipe name: \\.\pipe\UnityShaderCompiler-64bit-1-2010960640
Cmd: getPlatforms
Cmd: compileSnippet
  api=0 type=0 insize=977 outsize=14542 kw=DIRECTIONAL SHADOWS_OFF LIGHTMAP_OFF DIRLIGHTMAP_OFF DYNAMICLIGHTMAP_OFF VERTEXLIGHT_ON _PARALLAXMAP _DETAIL_MULX2 _NORMALMAP _SPECGLOSSMAP ok=1
Cmd: compileSnippet
  api=0 type=1 insize=977 outsize=6 kw=DIRECTIONAL SHADOWS_OFF LIGHTMAP_OFF DIRLIGHTMAP_OFF DYNAMICLIGHTMAP_OFF _PARALLAXMAP _DETAIL_MULX2 _NORMALMAP _SPECGLOSSMAP ok=1
Cmd: compileSnippet
  api=0 type=0 insize=1148 outsize=12132 kw=LIGHTMAP_OFF DIRLIGHTMAP_OFF DYNAMICLIGHTMAP_OFF _PARALLAXMAP _DETAIL_MULX2 _NORMALMAP _SPECGLOSSMAP ok=1
Cmd: compileSnippet
  api=0 type=1 insize=1148 outsize=6 kw=LIGHTMAP_OFF DIRLIGHTMAP_OFF DYNAMICLIGHTMAP_OFF _PARALLAXMAP _DETAIL_MULX2 _NORMALMAP _SPECGLOSSMAP ok=1
Cmd: compileSnippet
  api=0 type=0 insize=977 outsize=13590 kw=DIRECTIONAL SHADOWS_OFF LIGHTMAP_OFF DIRLIGHTMAP_OFF DYNAMICLIGHTMAP_OFF _PARALLAXMAP _DETAIL_MULX2 _NORMALMAP _SPECGLOSSMAP ok=1
Cmd: compileSnippet
  api=0 type=0 insize=934 outsize=8264 kw=DIRECTIONAL SHADOWS_OFF _PARALLAXMAP _DETAIL_MULX2 _NORMALMAP _SPECGLOSSMAP ok=1
Cmd: compileSnippet
  api=0 type=1 insize=934 outsize=6 kw=DIRECTIONAL SHADOWS_OFF _PARALLAXMAP _DETAIL_MULX2 _NORMALMAP _SPECGLOSSMAP ok=1
Cmd: compileSnippet
  api=0 type=0 insize=934 outsize=6132 kw=SPOT SHADOWS_OFF _ALPHAPREMULTIPLY_ON ok=1
Cmd: compileSnippet
  api=0 type=1 insize=934 outsize=6 kw=SPOT SHADOWS_OFF _ALPHAPREMULTIPLY_ON ok=1
