Using pre-set license

 COMMAND LINE ARGUMENTS:
/Applications/2020.2.1f1/Unity.app/Contents/MacOS/Unity
-adb2
-batchMode
-noUpm
-name
AssetImportWorker9
-projectPath
/Users/paulhoover/Documents/code/games/unity/glass
-logFile
Logs/AssetImportWorker9.log
-srvPort
53803
Successfully changed project path to: /Users/paulhoover/Documents/code/games/unity/glass
/Users/paulhoover/Documents/code/games/unity/glass
Using Asset Import Pipeline V2.
Platform WindowsStandaloneSupport does not support graphics device type 

Refreshing native plugins compatible for Editor in 196.97 ms, found 1 plugins.
Preloading 0 native plugins for Editor in 0.00 ms.
Initialize engine version: 2020.2.1f1 (270dd8c3da1c)
[Subsystems] Discovering subsystems at path /Applications/2020.2.1f1/Unity.app/Contents/Resources/UnitySubsystems
[Subsystems] Discovering subsystems at path /Users/paulhoover/Documents/code/games/unity/glass/Assets
GfxDevice: creating device client; threaded=0
2021-06-01 20:22:12.247 Unity[14330:288227] Color LCD preferred device: Intel(R) Iris(TM) Graphics 6000 (low power)
2021-06-01 20:22:12.247 Unity[14330:288227] Metal devices available: 1
2021-06-01 20:22:12.247 Unity[14330:288227] 0: Intel(R) Iris(TM) Graphics 6000 (low power)
2021-06-01 20:22:12.247 Unity[14330:288227] Using device Intel(R) Iris(TM) Graphics 6000 (low power)
Initializing Metal device caps: Intel(R) Iris(TM) Graphics 6000
Shader 'Sunshine/Mobile/Bumped Specular (1 Directional Light)': fallback shader 'Mobile/Bumped Specular (1 Directional Light)' not found
Shader 'Sunshine/Nature/Terrain/Diffuse': dependency 'Details2' shader 'Hidden/Sunshine/TerrainEngine/Details/BillboardWavingDoublePass' not found
Shader 'Sunshine/Nature/Terrain/Specular': dependency 'BaseMapShader' shader 'Hidden/Sunshine/TerrainEngine/Splatmap/Specular-Base' not found
Shader 'Sunshine/Nature/Tree Creator Leaves Fast': dependency 'OptimizedShader' shader 'Hidden/Sunshine/Nature/Tree Creator Leaves Fast Optimized' not found
Shader 'Sunshine/Nature/Terrain/Standard': dependency 'BaseMapShader' shader 'Hidden/Sunshine/TerrainEngine/Splatmap/Standard-Base' not found
Initialize mono
Mono path[0] = '/Applications/2020.2.1f1/Unity.app/Contents/Managed'
Mono path[1] = '/Applications/2020.2.1f1/Unity.app/Contents/MonoBleedingEdge/lib/mono/unityjit'
Mono config path = '/Applications/2020.2.1f1/Unity.app/Contents/MonoBleedingEdge/etc'
Using monoOptions --debugger-agent=transport=dt_socket,embedding=1,server=y,suspend=n,address=127.0.0.1:56330
Begin MonoManager ReloadAssembly
Registering precompiled unity dll's ...
Register platform support module: /Applications/2020.2.1f1/Unity.app/Contents/PlaybackEngines/MacStandaloneSupport/UnityEditor.OSXStandalone.Extensions.dll
Register platform support module: /Applications/2020.2.1f1/PlaybackEngines/WindowsStandaloneSupport/UnityEditor.WindowsStandalone.Extensions.dll
Registered in 0.002053 seconds.
Native extension for WindowsStandalone target not found
Native extension for OSXStandalone target not found
Refreshing native plugins compatible for Editor in 131.23 ms, found 1 plugins.
Preloading 0 native plugins for Editor in 0.00 ms.
Invoked RoslynAnalysisRunner static constructor.
RoslynAnalysisRunner will not be running.
RoslynAnalysisRunner has terminated.
Mono: successfully reloaded assembly
- Completed reload, in 11.154 seconds
Platform modules already initialized, skipping
Registering precompiled user dll's ...
Registered in 0.029890 seconds.
Begin MonoManager ReloadAssembly
Native extension for WindowsStandalone target not found
Native extension for OSXStandalone target not found
Refreshing native plugins compatible for Editor in 2.76 ms, found 1 plugins.
Preloading 0 native plugins for Editor in 0.00 ms.
Invoked RoslynAnalysisRunner static constructor.
RoslynAnalysisRunner will not be running.
RoslynAnalysisRunner has terminated.
Mono: successfully reloaded assembly
- Completed reload, in  5.521 seconds
Platform modules already initialized, skipping
========================================================================
Worker process is ready to serve import requests
Platform WindowsStandaloneSupport does not support graphics device type 

Shader 'Sunshine/Nature/Terrain/Diffuse': dependency 'Details2' shader 'Hidden/Sunshine/TerrainEngine/Details/BillboardWavingDoublePass' not found
Shader 'Sunshine/Nature/Terrain/Specular': dependency 'BaseMapShader' shader 'Hidden/Sunshine/TerrainEngine/Splatmap/Specular-Base' not found
Shader 'Sunshine/Nature/Tree Creator Leaves Fast': dependency 'OptimizedShader' shader 'Hidden/Sunshine/Nature/Tree Creator Leaves Fast Optimized' not found
Shader 'Sunshine/Nature/Terrain/Diffuse': dependency 'Details2' shader 'Hidden/Sunshine/TerrainEngine/Details/BillboardWavingDoublePass' not found
Shader 'Sunshine/Nature/Terrain/Standard': dependency 'BaseMapShader' shader 'Hidden/Sunshine/TerrainEngine/Splatmap/Standard-Base' not found
Shader 'Sunshine/Mobile/Bumped Specular (1 Directional Light)': fallback shader 'Mobile/Bumped Specular (1 Directional Light)' not found
Launching external process: /Applications/2020.2.1f1/Unity.app/Contents/Tools/UnityShaderCompiler
Launched and connected shader compiler UnityShaderCompiler after 0.14 seconds
Refreshing native plugins compatible for Editor in 1.20 ms, found 1 plugins.
Preloading 0 native plugins for Editor in 0.00 ms.
Unloading 1714 Unused Serialized files (Serialized files now loaded: 0)
System memory in use before: 376.9 MB.
System memory in use after: 376.5 MB.

Unloading 21 unused Assets to reduce memory usage. Loaded Objects now: 2251.
Total: 7.460573 ms (FindLiveObjects: 0.589198 ms CreateObjectMapping: 0.101813 ms MarkObjects: 5.483331 ms  DeleteObjects: 1.283633 ms)

========================================================================
Received Prepare
Platform WindowsStandaloneSupport does not support graphics device type 

Shader 'Sunshine/Nature/Terrain/Diffuse': dependency 'Details2' shader 'Hidden/Sunshine/TerrainEngine/Details/BillboardWavingDoublePass' not found
Shader 'Sunshine/Nature/Terrain/Specular': dependency 'BaseMapShader' shader 'Hidden/Sunshine/TerrainEngine/Splatmap/Specular-Base' not found
Shader 'Sunshine/Nature/Tree Creator Leaves Fast': dependency 'OptimizedShader' shader 'Hidden/Sunshine/Nature/Tree Creator Leaves Fast Optimized' not found
Shader 'Sunshine/Nature/Terrain/Diffuse': dependency 'Details2' shader 'Hidden/Sunshine/TerrainEngine/Details/BillboardWavingDoublePass' not found
Shader 'Sunshine/Nature/Terrain/Standard': dependency 'BaseMapShader' shader 'Hidden/Sunshine/TerrainEngine/Splatmap/Standard-Base' not found
Shader 'Sunshine/Mobile/Bumped Specular (1 Directional Light)': fallback shader 'Mobile/Bumped Specular (1 Directional Light)' not found
Refreshing native plugins compatible for Editor in 39.25 ms, found 1 plugins.
Preloading 0 native plugins for Editor in 0.00 ms.
Unloading 15 Unused Serialized files (Serialized files now loaded: 0)
System memory in use before: 335.9 MB.
System memory in use after: 335.6 MB.

Unloading 14 unused Assets to reduce memory usage. Loaded Objects now: 2251.
Total: 3.901634 ms (FindLiveObjects: 0.615080 ms CreateObjectMapping: 0.331803 ms MarkObjects: 2.072584 ms  DeleteObjects: 0.879074 ms)

========================================================================
Received Import Request.
  path: Assets/PlaceholderSoftware/WetStuff/Demos/6. Triplanar Mapping.unity
  artifactKey: Guid(73bfe1f5d4d8369498f5c99755886a02) Importer(815301076,1909f56bfc062723c751e8b465ee728b)
Start importing Assets/PlaceholderSoftware/WetStuff/Demos/6. Triplanar Mapping.unity using Guid(73bfe1f5d4d8369498f5c99755886a02) Importer(815301076,1909f56bfc062723c751e8b465ee728b)  -> (artifact id: 'd9318e75c56ea0ff4a0a87c7fb1cb9b5') in 0.035132 seconds
  Import took 0.040729 seconds .

========================================================================
Received Prepare
Platform WindowsStandaloneSupport does not support graphics device type 

Registering precompiled user dll's ...
Registered in 0.024053 seconds.
Begin MonoManager ReloadAssembly
Native extension for WindowsStandalone target not found
Native extension for OSXStandalone target not found
Refreshing native plugins compatible for Editor in 1.15 ms, found 1 plugins.
Preloading 0 native plugins for Editor in 0.00 ms.
Invoked RoslynAnalysisRunner static constructor.
RoslynAnalysisRunner will not be running.
RoslynAnalysisRunner has terminated.
Mono: successfully reloaded assembly
- Completed reload, in  1.686 seconds
Platform modules already initialized, skipping
Shader 'Sunshine/Nature/Terrain/Diffuse': dependency 'Details2' shader 'Hidden/Sunshine/TerrainEngine/Details/BillboardWavingDoublePass' not found
Shader 'Sunshine/Nature/Terrain/Specular': dependency 'BaseMapShader' shader 'Hidden/Sunshine/TerrainEngine/Splatmap/Specular-Base' not found
Shader 'Sunshine/Nature/Tree Creator Leaves Fast': dependency 'OptimizedShader' shader 'Hidden/Sunshine/Nature/Tree Creator Leaves Fast Optimized' not found
Shader 'Sunshine/Nature/Terrain/Diffuse': dependency 'Details2' shader 'Hidden/Sunshine/TerrainEngine/Details/BillboardWavingDoublePass' not found
Shader 'Sunshine/Nature/Terrain/Standard': dependency 'BaseMapShader' shader 'Hidden/Sunshine/TerrainEngine/Splatmap/Standard-Base' not found
Shader 'Sunshine/Mobile/Bumped Specular (1 Directional Light)': fallback shader 'Mobile/Bumped Specular (1 Directional Light)' not found
Refreshing native plugins compatible for Editor in 1.70 ms, found 1 plugins.
Preloading 0 native plugins for Editor in 0.00 ms.
Unloading 1564 Unused Serialized files (Serialized files now loaded: 0)
System memory in use before: 367.5 MB.
System memory in use after: 367.1 MB.

Unloading 16 unused Assets to reduce memory usage. Loaded Objects now: 2253.
Total: 3.274919 ms (FindLiveObjects: 0.435465 ms CreateObjectMapping: 0.142762 ms MarkObjects: 2.018256 ms  DeleteObjects: 0.676193 ms)

========================================================================
Received Prepare
Platform WindowsStandaloneSupport does not support graphics device type 

Registering precompiled user dll's ...
Registered in 0.021443 seconds.
Begin MonoManager ReloadAssembly
Native extension for WindowsStandalone target not found
Native extension for OSXStandalone target not found
Refreshing native plugins compatible for Editor in 1.16 ms, found 1 plugins.
Preloading 0 native plugins for Editor in 0.00 ms.
Invoked RoslynAnalysisRunner static constructor.
RoslynAnalysisRunner will not be running.
RoslynAnalysisRunner has terminated.
Mono: successfully reloaded assembly
- Completed reload, in  2.216 seconds
Platform modules already initialized, skipping
Shader 'Sunshine/Nature/Terrain/Diffuse': dependency 'Details2' shader 'Hidden/Sunshine/TerrainEngine/Details/BillboardWavingDoublePass' not found
Shader 'Sunshine/Nature/Terrain/Specular': dependency 'BaseMapShader' shader 'Hidden/Sunshine/TerrainEngine/Splatmap/Specular-Base' not found
Shader 'Sunshine/Nature/Tree Creator Leaves Fast': dependency 'OptimizedShader' shader 'Hidden/Sunshine/Nature/Tree Creator Leaves Fast Optimized' not found
Shader 'Sunshine/Nature/Terrain/Diffuse': dependency 'Details2' shader 'Hidden/Sunshine/TerrainEngine/Details/BillboardWavingDoublePass' not found
Shader 'Sunshine/Nature/Terrain/Standard': dependency 'BaseMapShader' shader 'Hidden/Sunshine/TerrainEngine/Splatmap/Standard-Base' not found
Shader 'Sunshine/Mobile/Bumped Specular (1 Directional Light)': fallback shader 'Mobile/Bumped Specular (1 Directional Light)' not found
Refreshing native plugins compatible for Editor in 1.82 ms, found 1 plugins.
Preloading 0 native plugins for Editor in 0.00 ms.
Unloading 1564 Unused Serialized files (Serialized files now loaded: 0)
System memory in use before: 368.3 MB.
System memory in use after: 367.9 MB.

Unloading 16 unused Assets to reduce memory usage. Loaded Objects now: 2255.
Total: 5.033671 ms (FindLiveObjects: 0.778531 ms CreateObjectMapping: 0.211921 ms MarkObjects: 2.908440 ms  DeleteObjects: 1.132426 ms)

========================================================================
Received Prepare
Platform WindowsStandaloneSupport does not support graphics device type 

Registering precompiled user dll's ...
Registered in 0.020859 seconds.
Begin MonoManager ReloadAssembly
Native extension for WindowsStandalone target not found
Native extension for OSXStandalone target not found
Refreshing native plugins compatible for Editor in 1.13 ms, found 1 plugins.
Preloading 0 native plugins for Editor in 0.00 ms.
Invoked RoslynAnalysisRunner static constructor.
RoslynAnalysisRunner will not be running.
RoslynAnalysisRunner has terminated.
Mono: successfully reloaded assembly
- Completed reload, in  1.732 seconds
Platform modules already initialized, skipping
Shader 'Sunshine/Nature/Terrain/Diffuse': dependency 'Details2' shader 'Hidden/Sunshine/TerrainEngine/Details/BillboardWavingDoublePass' not found
Shader 'Sunshine/Nature/Terrain/Specular': dependency 'BaseMapShader' shader 'Hidden/Sunshine/TerrainEngine/Splatmap/Specular-Base' not found
Shader 'Sunshine/Nature/Tree Creator Leaves Fast': dependency 'OptimizedShader' shader 'Hidden/Sunshine/Nature/Tree Creator Leaves Fast Optimized' not found
Shader 'Sunshine/Nature/Terrain/Diffuse': dependency 'Details2' shader 'Hidden/Sunshine/TerrainEngine/Details/BillboardWavingDoublePass' not found
Shader 'Sunshine/Nature/Terrain/Standard': dependency 'BaseMapShader' shader 'Hidden/Sunshine/TerrainEngine/Splatmap/Standard-Base' not found
Shader 'Sunshine/Mobile/Bumped Specular (1 Directional Light)': fallback shader 'Mobile/Bumped Specular (1 Directional Light)' not found
Refreshing native plugins compatible for Editor in 1.06 ms, found 1 plugins.
Preloading 0 native plugins for Editor in 0.00 ms.
Unloading 1488 Unused Serialized files (Serialized files now loaded: 0)
System memory in use before: 367.0 MB.
System memory in use after: 366.6 MB.

Unloading 16 unused Assets to reduce memory usage. Loaded Objects now: 2257.
Total: 3.217832 ms (FindLiveObjects: 0.403176 ms CreateObjectMapping: 0.093125 ms MarkObjects: 1.991799 ms  DeleteObjects: 0.728274 ms)

========================================================================
Received Prepare
Platform WindowsStandaloneSupport does not support graphics device type 

Registering precompiled user dll's ...
Registered in 0.024419 seconds.
Begin MonoManager ReloadAssembly
Native extension for WindowsStandalone target not found
Native extension for OSXStandalone target not found
Refreshing native plugins compatible for Editor in 1.11 ms, found 1 plugins.
Preloading 0 native plugins for Editor in 0.00 ms.
Invoked RoslynAnalysisRunner static constructor.
RoslynAnalysisRunner will not be running.
RoslynAnalysisRunner has terminated.
Mono: successfully reloaded assembly
- Completed reload, in  1.839 seconds
Platform modules already initialized, skipping
Shader 'Sunshine/Nature/Terrain/Diffuse': dependency 'Details2' shader 'Hidden/Sunshine/TerrainEngine/Details/BillboardWavingDoublePass' not found
Shader 'Sunshine/Nature/Terrain/Specular': dependency 'BaseMapShader' shader 'Hidden/Sunshine/TerrainEngine/Splatmap/Specular-Base' not found
Shader 'Sunshine/Nature/Tree Creator Leaves Fast': dependency 'OptimizedShader' shader 'Hidden/Sunshine/Nature/Tree Creator Leaves Fast Optimized' not found
Shader 'Sunshine/Nature/Terrain/Diffuse': dependency 'Details2' shader 'Hidden/Sunshine/TerrainEngine/Details/BillboardWavingDoublePass' not found
Shader 'Sunshine/Nature/Terrain/Standard': dependency 'BaseMapShader' shader 'Hidden/Sunshine/TerrainEngine/Splatmap/Standard-Base' not found
Shader 'Sunshine/Mobile/Bumped Specular (1 Directional Light)': fallback shader 'Mobile/Bumped Specular (1 Directional Light)' not found
Refreshing native plugins compatible for Editor in 1.84 ms, found 1 plugins.
Preloading 0 native plugins for Editor in 0.00 ms.
Unloading 1488 Unused Serialized files (Serialized files now loaded: 0)
System memory in use before: 367.7 MB.
System memory in use after: 367.4 MB.

Unloading 16 unused Assets to reduce memory usage. Loaded Objects now: 2259.
Total: 16.024034 ms (FindLiveObjects: 0.736095 ms CreateObjectMapping: 0.328933 ms MarkObjects: 13.566233 ms  DeleteObjects: 1.388784 ms)

========================================================================
Received Prepare
Platform WindowsStandaloneSupport does not support graphics device type 

Registering precompiled user dll's ...
Registered in 0.022074 seconds.
Begin MonoManager ReloadAssembly
Native extension for WindowsStandalone target not found
Native extension for OSXStandalone target not found
Refreshing native plugins compatible for Editor in 2.48 ms, found 1 plugins.
Preloading 0 native plugins for Editor in 0.00 ms.
Invoked RoslynAnalysisRunner static constructor.
RoslynAnalysisRunner will not be running.
RoslynAnalysisRunner has terminated.
Mono: successfully reloaded assembly
- Completed reload, in  2.776 seconds
Platform modules already initialized, skipping
Shader 'Sunshine/Nature/Terrain/Diffuse': dependency 'Details2' shader 'Hidden/Sunshine/TerrainEngine/Details/BillboardWavingDoublePass' not found
Shader 'Sunshine/Nature/Terrain/Specular': dependency 'BaseMapShader' shader 'Hidden/Sunshine/TerrainEngine/Splatmap/Specular-Base' not found
Shader 'Sunshine/Nature/Tree Creator Leaves Fast': dependency 'OptimizedShader' shader 'Hidden/Sunshine/Nature/Tree Creator Leaves Fast Optimized' not found
Shader 'Sunshine/Nature/Terrain/Diffuse': dependency 'Details2' shader 'Hidden/Sunshine/TerrainEngine/Details/BillboardWavingDoublePass' not found
Shader 'Sunshine/Nature/Terrain/Standard': dependency 'BaseMapShader' shader 'Hidden/Sunshine/TerrainEngine/Splatmap/Standard-Base' not found
Shader 'Sunshine/Mobile/Bumped Specular (1 Directional Light)': fallback shader 'Mobile/Bumped Specular (1 Directional Light)' not found
Refreshing native plugins compatible for Editor in 1.96 ms, found 1 plugins.
Preloading 0 native plugins for Editor in 0.00 ms.
Unloading 1488 Unused Serialized files (Serialized files now loaded: 0)
System memory in use before: 368.6 MB.
System memory in use after: 368.2 MB.

Unloading 16 unused Assets to reduce memory usage. Loaded Objects now: 2261.
Total: 7.248362 ms (FindLiveObjects: 1.249561 ms CreateObjectMapping: 0.252834 ms MarkObjects: 4.668551 ms  DeleteObjects: 1.074988 ms)

========================================================================
Received Prepare
Platform WindowsStandaloneSupport does not support graphics device type 

Registering precompiled user dll's ...
Registered in 0.018657 seconds.
Begin MonoManager ReloadAssembly
Native extension for WindowsStandalone target not found
Native extension for OSXStandalone target not found
Refreshing native plugins compatible for Editor in 1.04 ms, found 1 plugins.
Preloading 0 native plugins for Editor in 0.00 ms.
Invoked RoslynAnalysisRunner static constructor.
RoslynAnalysisRunner will not be running.
RoslynAnalysisRunner has terminated.
Mono: successfully reloaded assembly
- Completed reload, in  2.159 seconds
Platform modules already initialized, skipping
Shader 'Sunshine/Nature/Terrain/Diffuse': dependency 'Details2' shader 'Hidden/Sunshine/TerrainEngine/Details/BillboardWavingDoublePass' not found
Shader 'Sunshine/Nature/Terrain/Specular': dependency 'BaseMapShader' shader 'Hidden/Sunshine/TerrainEngine/Splatmap/Specular-Base' not found
Shader 'Sunshine/Nature/Tree Creator Leaves Fast': dependency 'OptimizedShader' shader 'Hidden/Sunshine/Nature/Tree Creator Leaves Fast Optimized' not found
Shader 'Sunshine/Nature/Terrain/Diffuse': dependency 'Details2' shader 'Hidden/Sunshine/TerrainEngine/Details/BillboardWavingDoublePass' not found
Shader 'Sunshine/Nature/Terrain/Standard': dependency 'BaseMapShader' shader 'Hidden/Sunshine/TerrainEngine/Splatmap/Standard-Base' not found
Shader 'Sunshine/Mobile/Bumped Specular (1 Directional Light)': fallback shader 'Mobile/Bumped Specular (1 Directional Light)' not found
Refreshing native plugins compatible for Editor in 1.49 ms, found 1 plugins.
Preloading 0 native plugins for Editor in 0.00 ms.
Unloading 1488 Unused Serialized files (Serialized files now loaded: 0)
System memory in use before: 369.3 MB.
System memory in use after: 368.9 MB.

Unloading 16 unused Assets to reduce memory usage. Loaded Objects now: 2263.
Total: 3.726200 ms (FindLiveObjects: 0.544616 ms CreateObjectMapping: 0.107795 ms MarkObjects: 2.306060 ms  DeleteObjects: 0.766163 ms)

========================================================================
Received Prepare
Platform WindowsStandaloneSupport does not support graphics device type 

Registering precompiled user dll's ...
Registered in 0.024431 seconds.
Begin MonoManager ReloadAssembly
Native extension for WindowsStandalone target not found
Native extension for OSXStandalone target not found
Refreshing native plugins compatible for Editor in 2.08 ms, found 1 plugins.
Preloading 0 native plugins for Editor in 0.00 ms.
Invoked RoslynAnalysisRunner static constructor.
RoslynAnalysisRunner will not be running.
RoslynAnalysisRunner has terminated.
Mono: successfully reloaded assembly
- Completed reload, in  2.544 seconds
Platform modules already initialized, skipping
Shader 'Sunshine/Nature/Terrain/Diffuse': dependency 'Details2' shader 'Hidden/Sunshine/TerrainEngine/Details/BillboardWavingDoublePass' not found
Shader 'Sunshine/Nature/Terrain/Specular': dependency 'BaseMapShader' shader 'Hidden/Sunshine/TerrainEngine/Splatmap/Specular-Base' not found
Shader 'Sunshine/Nature/Tree Creator Leaves Fast': dependency 'OptimizedShader' shader 'Hidden/Sunshine/Nature/Tree Creator Leaves Fast Optimized' not found
Shader 'Sunshine/Nature/Terrain/Diffuse': dependency 'Details2' shader 'Hidden/Sunshine/TerrainEngine/Details/BillboardWavingDoublePass' not found
Shader 'Sunshine/Nature/Terrain/Standard': dependency 'BaseMapShader' shader 'Hidden/Sunshine/TerrainEngine/Splatmap/Standard-Base' not found
Shader 'Sunshine/Mobile/Bumped Specular (1 Directional Light)': fallback shader 'Mobile/Bumped Specular (1 Directional Light)' not found
Refreshing native plugins compatible for Editor in 1.77 ms, found 1 plugins.
Preloading 0 native plugins for Editor in 0.00 ms.
Unloading 1488 Unused Serialized files (Serialized files now loaded: 0)
System memory in use before: 370.1 MB.
System memory in use after: 369.7 MB.

Unloading 16 unused Assets to reduce memory usage. Loaded Objects now: 2265.
Total: 4.949007 ms (FindLiveObjects: 1.046980 ms CreateObjectMapping: 0.160775 ms MarkObjects: 2.690795 ms  DeleteObjects: 1.047461 ms)

========================================================================
Received Prepare
Platform WindowsStandaloneSupport does not support graphics device type 

Registering precompiled user dll's ...
Registered in 0.021755 seconds.
Begin MonoManager ReloadAssembly
Native extension for WindowsStandalone target not found
Native extension for OSXStandalone target not found
Refreshing native plugins compatible for Editor in 1.57 ms, found 1 plugins.
Preloading 0 native plugins for Editor in 0.00 ms.
Invoked RoslynAnalysisRunner static constructor.
RoslynAnalysisRunner will not be running.
RoslynAnalysisRunner has terminated.
Mono: successfully reloaded assembly
- Completed reload, in  2.021 seconds
Platform modules already initialized, skipping
Shader 'Sunshine/Nature/Terrain/Diffuse': dependency 'Details2' shader 'Hidden/Sunshine/TerrainEngine/Details/BillboardWavingDoublePass' not found
Shader 'Sunshine/Nature/Terrain/Specular': dependency 'BaseMapShader' shader 'Hidden/Sunshine/TerrainEngine/Splatmap/Specular-Base' not found
Shader 'Sunshine/Nature/Tree Creator Leaves Fast': dependency 'OptimizedShader' shader 'Hidden/Sunshine/Nature/Tree Creator Leaves Fast Optimized' not found
Shader 'Sunshine/Nature/Terrain/Diffuse': dependency 'Details2' shader 'Hidden/Sunshine/TerrainEngine/Details/BillboardWavingDoublePass' not found
Shader 'Sunshine/Nature/Terrain/Standard': dependency 'BaseMapShader' shader 'Hidden/Sunshine/TerrainEngine/Splatmap/Standard-Base' not found
Shader 'Sunshine/Mobile/Bumped Specular (1 Directional Light)': fallback shader 'Mobile/Bumped Specular (1 Directional Light)' not found
Refreshing native plugins compatible for Editor in 1.83 ms, found 1 plugins.
Preloading 0 native plugins for Editor in 0.00 ms.
Unloading 1488 Unused Serialized files (Serialized files now loaded: 0)
System memory in use before: 370.9 MB.
System memory in use after: 370.5 MB.

Unloading 16 unused Assets to reduce memory usage. Loaded Objects now: 2267.
Total: 6.690758 ms (FindLiveObjects: 0.457361 ms CreateObjectMapping: 0.083703 ms MarkObjects: 4.477111 ms  DeleteObjects: 1.669384 ms)

========================================================================
Received Prepare
Platform WindowsStandaloneSupport does not support graphics device type 

Registering precompiled user dll's ...
Registered in 0.021915 seconds.
Begin MonoManager ReloadAssembly
Native extension for WindowsStandalone target not found
Native extension for OSXStandalone target not found
Refreshing native plugins compatible for Editor in 1.57 ms, found 1 plugins.
Preloading 0 native plugins for Editor in 0.00 ms.
Invoked RoslynAnalysisRunner static constructor.
RoslynAnalysisRunner will not be running.
RoslynAnalysisRunner has terminated.
Mono: successfully reloaded assembly
- Completed reload, in  2.117 seconds
Platform modules already initialized, skipping
Shader 'Sunshine/Nature/Terrain/Diffuse': dependency 'Details2' shader 'Hidden/Sunshine/TerrainEngine/Details/BillboardWavingDoublePass' not found
Shader 'Sunshine/Nature/Terrain/Specular': dependency 'BaseMapShader' shader 'Hidden/Sunshine/TerrainEngine/Splatmap/Specular-Base' not found
Shader 'Sunshine/Nature/Tree Creator Leaves Fast': dependency 'OptimizedShader' shader 'Hidden/Sunshine/Nature/Tree Creator Leaves Fast Optimized' not found
Shader 'Sunshine/Nature/Terrain/Diffuse': dependency 'Details2' shader 'Hidden/Sunshine/TerrainEngine/Details/BillboardWavingDoublePass' not found
Shader 'Sunshine/Nature/Terrain/Standard': dependency 'BaseMapShader' shader 'Hidden/Sunshine/TerrainEngine/Splatmap/Standard-Base' not found
Shader 'Sunshine/Mobile/Bumped Specular (1 Directional Light)': fallback shader 'Mobile/Bumped Specular (1 Directional Light)' not found
Refreshing native plugins compatible for Editor in 3.51 ms, found 1 plugins.
Preloading 0 native plugins for Editor in 0.00 ms.
Unloading 1488 Unused Serialized files (Serialized files now loaded: 0)
System memory in use before: 371.7 MB.
System memory in use after: 371.3 MB.

Unloading 16 unused Assets to reduce memory usage. Loaded Objects now: 2269.
Total: 12.557008 ms (FindLiveObjects: 1.532751 ms CreateObjectMapping: 0.589891 ms MarkObjects: 8.683966 ms  DeleteObjects: 1.742715 ms)

========================================================================
Received Prepare
Platform WindowsStandaloneSupport does not support graphics device type 

Registering precompiled user dll's ...
Registered in 0.017166 seconds.
Begin MonoManager ReloadAssembly
Native extension for WindowsStandalone target not found
Native extension for OSXStandalone target not found
Refreshing native plugins compatible for Editor in 1.55 ms, found 1 plugins.
Preloading 0 native plugins for Editor in 0.00 ms.
Invoked RoslynAnalysisRunner static constructor.
RoslynAnalysisRunner will not be running.
RoslynAnalysisRunner has terminated.
Mono: successfully reloaded assembly
- Completed reload, in  2.736 seconds
Platform modules already initialized, skipping
Shader 'Sunshine/Nature/Terrain/Diffuse': dependency 'Details2' shader 'Hidden/Sunshine/TerrainEngine/Details/BillboardWavingDoublePass' not found
Shader 'Sunshine/Nature/Terrain/Specular': dependency 'BaseMapShader' shader 'Hidden/Sunshine/TerrainEngine/Splatmap/Specular-Base' not found
Shader 'Sunshine/Nature/Tree Creator Leaves Fast': dependency 'OptimizedShader' shader 'Hidden/Sunshine/Nature/Tree Creator Leaves Fast Optimized' not found
Shader 'Sunshine/Nature/Terrain/Diffuse': dependency 'Details2' shader 'Hidden/Sunshine/TerrainEngine/Details/BillboardWavingDoublePass' not found
Shader 'Sunshine/Nature/Terrain/Standard': dependency 'BaseMapShader' shader 'Hidden/Sunshine/TerrainEngine/Splatmap/Standard-Base' not found
Shader 'Sunshine/Mobile/Bumped Specular (1 Directional Light)': fallback shader 'Mobile/Bumped Specular (1 Directional Light)' not found
Refreshing native plugins compatible for Editor in 1.58 ms, found 1 plugins.
Preloading 0 native plugins for Editor in 0.00 ms.
Unloading 1488 Unused Serialized files (Serialized files now loaded: 0)
System memory in use before: 372.4 MB.
System memory in use after: 372.1 MB.

Unloading 16 unused Assets to reduce memory usage. Loaded Objects now: 2271.
Total: 4.126049 ms (FindLiveObjects: 0.409960 ms CreateObjectMapping: 0.073459 ms MarkObjects: 2.628889 ms  DeleteObjects: 1.012025 ms)

========================================================================
Received Prepare
Platform WindowsStandaloneSupport does not support graphics device type 

Registering precompiled user dll's ...
Registered in 0.020967 seconds.
Begin MonoManager ReloadAssembly
Native extension for WindowsStandalone target not found
Native extension for OSXStandalone target not found
Refreshing native plugins compatible for Editor in 2.76 ms, found 1 plugins.
Preloading 0 native plugins for Editor in 0.00 ms.
Invoked RoslynAnalysisRunner static constructor.
RoslynAnalysisRunner will not be running.
RoslynAnalysisRunner has terminated.
Mono: successfully reloaded assembly
- Completed reload, in  2.696 seconds
Platform modules already initialized, skipping
Shader 'Sunshine/Nature/Terrain/Diffuse': dependency 'Details2' shader 'Hidden/Sunshine/TerrainEngine/Details/BillboardWavingDoublePass' not found
Shader 'Sunshine/Nature/Terrain/Specular': dependency 'BaseMapShader' shader 'Hidden/Sunshine/TerrainEngine/Splatmap/Specular-Base' not found
Shader 'Sunshine/Nature/Tree Creator Leaves Fast': dependency 'OptimizedShader' shader 'Hidden/Sunshine/Nature/Tree Creator Leaves Fast Optimized' not found
Shader 'Sunshine/Nature/Terrain/Diffuse': dependency 'Details2' shader 'Hidden/Sunshine/TerrainEngine/Details/BillboardWavingDoublePass' not found
Shader 'Sunshine/Nature/Terrain/Standard': dependency 'BaseMapShader' shader 'Hidden/Sunshine/TerrainEngine/Splatmap/Standard-Base' not found
Shader 'Sunshine/Mobile/Bumped Specular (1 Directional Light)': fallback shader 'Mobile/Bumped Specular (1 Directional Light)' not found
Refreshing native plugins compatible for Editor in 1.27 ms, found 1 plugins.
Preloading 0 native plugins for Editor in 0.00 ms.
Unloading 1488 Unused Serialized files (Serialized files now loaded: 0)
System memory in use before: 373.2 MB.
System memory in use after: 372.8 MB.

Unloading 16 unused Assets to reduce memory usage. Loaded Objects now: 2273.
Total: 3.605072 ms (FindLiveObjects: 0.403138 ms CreateObjectMapping: 0.140722 ms MarkObjects: 2.228056 ms  DeleteObjects: 0.830499 ms)

