Using pre-set license

 COMMAND LINE ARGUMENTS:
/Applications/2020.2.1f1/Unity.app/Contents/MacOS/Unity
-adb2
-batchMode
-noUpm
-name
AssetImportWorker3
-projectPath
/Users/paulhoover/Documents/code/games/unity/glass
-logFile
Logs/AssetImportWorker3.log
-srvPort
53475
Successfully changed project path to: /Users/paulhoover/Documents/code/games/unity/glass
/Users/paulhoover/Documents/code/games/unity/glass
Using Asset Import Pipeline V2.
Platform WindowsStandaloneSupport does not support graphics device type 

Refreshing native plugins compatible for Editor in 125.40 ms, found 1 plugins.
Preloading 0 native plugins for Editor in 0.00 ms.
Initialize engine version: 2020.2.1f1 (270dd8c3da1c)
[Subsystems] Discovering subsystems at path /Applications/2020.2.1f1/Unity.app/Contents/Resources/UnitySubsystems
[Subsystems] Discovering subsystems at path /Users/paulhoover/Documents/code/games/unity/glass/Assets
GfxDevice: creating device client; threaded=0
2021-05-30 09:35:23.493 Unity[9586:277825] LG ULTRAWIDE preferred device: Intel(R) Iris(TM) Graphics 6000 (low power)
2021-05-30 09:35:23.493 Unity[9586:277825] Metal devices available: 1
2021-05-30 09:35:23.493 Unity[9586:277825] 0: Intel(R) Iris(TM) Graphics 6000 (low power)
2021-05-30 09:35:23.494 Unity[9586:277825] Using device Intel(R) Iris(TM) Graphics 6000 (low power)
Initializing Metal device caps: Intel(R) Iris(TM) Graphics 6000
Shader 'Sunshine/Mobile/Bumped Specular (1 Directional Light)': fallback shader 'Mobile/Bumped Specular (1 Directional Light)' not found
Shader 'Sunshine/Nature/Terrain/Diffuse': dependency 'Details2' shader 'Hidden/Sunshine/TerrainEngine/Details/BillboardWavingDoublePass' not found
Shader 'Sunshine/Nature/Terrain/Specular': dependency 'BaseMapShader' shader 'Hidden/Sunshine/TerrainEngine/Splatmap/Specular-Base' not found
Shader 'Sunshine/Nature/Tree Creator Leaves Fast': dependency 'OptimizedShader' shader 'Hidden/Sunshine/Nature/Tree Creator Leaves Fast Optimized' not found
Shader 'Sunshine/Nature/Terrain/Standard': dependency 'BaseMapShader' shader 'Hidden/Sunshine/TerrainEngine/Splatmap/Standard-Base' not found
Initialize mono
Mono path[0] = '/Applications/2020.2.1f1/Unity.app/Contents/Managed'
Mono path[1] = '/Applications/2020.2.1f1/Unity.app/Contents/MonoBleedingEdge/lib/mono/unityjit'
Mono config path = '/Applications/2020.2.1f1/Unity.app/Contents/MonoBleedingEdge/etc'
Using monoOptions --debugger-agent=transport=dt_socket,embedding=1,server=y,suspend=n,address=127.0.0.1:56586
Begin MonoManager ReloadAssembly
Registering precompiled unity dll's ...
Register platform support module: /Applications/2020.2.1f1/Unity.app/Contents/PlaybackEngines/MacStandaloneSupport/UnityEditor.OSXStandalone.Extensions.dll
Register platform support module: /Applications/2020.2.1f1/PlaybackEngines/WindowsStandaloneSupport/UnityEditor.WindowsStandalone.Extensions.dll
Registered in 0.002190 seconds.
Native extension for WindowsStandalone target not found
Native extension for OSXStandalone target not found
Refreshing native plugins compatible for Editor in 200.50 ms, found 1 plugins.
Preloading 0 native plugins for Editor in 0.00 ms.
Invoked RoslynAnalysisRunner static constructor.
RoslynAnalysisRunner will not be running.
RoslynAnalysisRunner has terminated.
Mono: successfully reloaded assembly
- Completed reload, in  8.284 seconds
Platform modules already initialized, skipping
Registering precompiled user dll's ...
Registered in 0.009982 seconds.
Begin MonoManager ReloadAssembly
Native extension for WindowsStandalone target not found
Native extension for OSXStandalone target not found
Refreshing native plugins compatible for Editor in 1.33 ms, found 1 plugins.
Preloading 0 native plugins for Editor in 0.00 ms.
Invoked RoslynAnalysisRunner static constructor.
RoslynAnalysisRunner will not be running.
RoslynAnalysisRunner has terminated.
Mono: successfully reloaded assembly
- Completed reload, in  1.890 seconds
Platform modules already initialized, skipping
========================================================================
Worker process is ready to serve import requests
Platform WindowsStandaloneSupport does not support graphics device type 

Shader 'Sunshine/Nature/Terrain/Diffuse': dependency 'Details2' shader 'Hidden/Sunshine/TerrainEngine/Details/BillboardWavingDoublePass' not found
Shader 'Sunshine/Nature/Terrain/Specular': dependency 'BaseMapShader' shader 'Hidden/Sunshine/TerrainEngine/Splatmap/Specular-Base' not found
Shader 'Sunshine/Nature/Tree Creator Leaves Fast': dependency 'OptimizedShader' shader 'Hidden/Sunshine/Nature/Tree Creator Leaves Fast Optimized' not found
Shader 'Sunshine/Nature/Terrain/Diffuse': dependency 'Details2' shader 'Hidden/Sunshine/TerrainEngine/Details/BillboardWavingDoublePass' not found
Shader 'Sunshine/Nature/Terrain/Standard': dependency 'BaseMapShader' shader 'Hidden/Sunshine/TerrainEngine/Splatmap/Standard-Base' not found
Shader 'Sunshine/Mobile/Bumped Specular (1 Directional Light)': fallback shader 'Mobile/Bumped Specular (1 Directional Light)' not found
Launching external process: /Applications/2020.2.1f1/Unity.app/Contents/Tools/UnityShaderCompiler
Launched and connected shader compiler UnityShaderCompiler after 0.03 seconds
Refreshing native plugins compatible for Editor in 0.99 ms, found 1 plugins.
Preloading 0 native plugins for Editor in 0.00 ms.
Unloading 1628 Unused Serialized files (Serialized files now loaded: 0)
System memory in use before: 370.2 MB.
System memory in use after: 369.8 MB.

Unloading 21 unused Assets to reduce memory usage. Loaded Objects now: 2165.
Total: 3.326889 ms (FindLiveObjects: 0.408109 ms CreateObjectMapping: 0.135123 ms MarkObjects: 1.970587 ms  DeleteObjects: 0.810725 ms)

========================================================================
Received Import Request.
  path: Assets/models/cave/room02/room02a.blend
  artifactKey: Guid(b33ddd56a31654cfab44c9a3931b0450) Importer(815301076,1909f56bfc062723c751e8b465ee728b)
Start importing Assets/models/cave/room02/room02a.blend using Guid(b33ddd56a31654cfab44c9a3931b0450) Importer(815301076,1909f56bfc062723c751e8b465ee728b)  -> (artifact id: '8a76f0fb1c447384cd56665826988e5b') in 4.850845 seconds
  Import took 4.858688 seconds .

========================================================================
Received Prepare
Platform WindowsStandaloneSupport does not support graphics device type 

Registering precompiled user dll's ...
Registered in 0.047708 seconds.
Begin MonoManager ReloadAssembly
Native extension for WindowsStandalone target not found
Native extension for OSXStandalone target not found
Refreshing native plugins compatible for Editor in 1.03 ms, found 1 plugins.
Preloading 0 native plugins for Editor in 0.00 ms.
Invoked RoslynAnalysisRunner static constructor.
RoslynAnalysisRunner will not be running.
RoslynAnalysisRunner has terminated.
Mono: successfully reloaded assembly
- Completed reload, in  2.436 seconds
Platform modules already initialized, skipping
Shader 'Sunshine/Nature/Terrain/Diffuse': dependency 'Details2' shader 'Hidden/Sunshine/TerrainEngine/Details/BillboardWavingDoublePass' not found
Shader 'Sunshine/Nature/Terrain/Specular': dependency 'BaseMapShader' shader 'Hidden/Sunshine/TerrainEngine/Splatmap/Specular-Base' not found
Shader 'Sunshine/Nature/Tree Creator Leaves Fast': dependency 'OptimizedShader' shader 'Hidden/Sunshine/Nature/Tree Creator Leaves Fast Optimized' not found
Shader 'Sunshine/Nature/Terrain/Diffuse': dependency 'Details2' shader 'Hidden/Sunshine/TerrainEngine/Details/BillboardWavingDoublePass' not found
Shader 'Sunshine/Nature/Terrain/Standard': dependency 'BaseMapShader' shader 'Hidden/Sunshine/TerrainEngine/Splatmap/Standard-Base' not found
Shader 'Sunshine/Mobile/Bumped Specular (1 Directional Light)': fallback shader 'Mobile/Bumped Specular (1 Directional Light)' not found
Refreshing native plugins compatible for Editor in 1.46 ms, found 1 plugins.
Preloading 0 native plugins for Editor in 0.00 ms.
Unloading 1488 Unused Serialized files (Serialized files now loaded: 0)
System memory in use before: 370.2 MB.
System memory in use after: 369.8 MB.

Unloading 16 unused Assets to reduce memory usage. Loaded Objects now: 2177.
Total: 6.365362 ms (FindLiveObjects: 3.534405 ms CreateObjectMapping: 0.127678 ms MarkObjects: 1.975219 ms  DeleteObjects: 0.726778 ms)

========================================================================
Received Prepare
Platform WindowsStandaloneSupport does not support graphics device type 

Registering precompiled user dll's ...
Registered in 0.035924 seconds.
Begin MonoManager ReloadAssembly
Native extension for WindowsStandalone target not found
Native extension for OSXStandalone target not found
Refreshing native plugins compatible for Editor in 1.36 ms, found 1 plugins.
Preloading 0 native plugins for Editor in 0.00 ms.
Invoked RoslynAnalysisRunner static constructor.
RoslynAnalysisRunner will not be running.
RoslynAnalysisRunner has terminated.
Mono: successfully reloaded assembly
- Completed reload, in  2.253 seconds
Platform modules already initialized, skipping
Shader 'Sunshine/Nature/Terrain/Diffuse': dependency 'Details2' shader 'Hidden/Sunshine/TerrainEngine/Details/BillboardWavingDoublePass' not found
Shader 'Sunshine/Nature/Terrain/Specular': dependency 'BaseMapShader' shader 'Hidden/Sunshine/TerrainEngine/Splatmap/Specular-Base' not found
Shader 'Sunshine/Nature/Tree Creator Leaves Fast': dependency 'OptimizedShader' shader 'Hidden/Sunshine/Nature/Tree Creator Leaves Fast Optimized' not found
Shader 'Sunshine/Nature/Terrain/Diffuse': dependency 'Details2' shader 'Hidden/Sunshine/TerrainEngine/Details/BillboardWavingDoublePass' not found
Shader 'Sunshine/Nature/Terrain/Standard': dependency 'BaseMapShader' shader 'Hidden/Sunshine/TerrainEngine/Splatmap/Standard-Base' not found
Shader 'Sunshine/Mobile/Bumped Specular (1 Directional Light)': fallback shader 'Mobile/Bumped Specular (1 Directional Light)' not found
Refreshing native plugins compatible for Editor in 4.92 ms, found 1 plugins.
Preloading 0 native plugins for Editor in 0.00 ms.
Unloading 1488 Unused Serialized files (Serialized files now loaded: 0)
System memory in use before: 370.9 MB.
System memory in use after: 370.6 MB.

Unloading 16 unused Assets to reduce memory usage. Loaded Objects now: 2179.
Total: 3.318095 ms (FindLiveObjects: 0.387659 ms CreateObjectMapping: 0.071981 ms MarkObjects: 2.017943 ms  DeleteObjects: 0.839079 ms)

========================================================================
Received Prepare
Platform WindowsStandaloneSupport does not support graphics device type 

Registering precompiled user dll's ...
Registered in 0.036581 seconds.
Begin MonoManager ReloadAssembly
Native extension for WindowsStandalone target not found
Native extension for OSXStandalone target not found
Refreshing native plugins compatible for Editor in 1.08 ms, found 1 plugins.
Preloading 0 native plugins for Editor in 0.00 ms.
Invoked RoslynAnalysisRunner static constructor.
RoslynAnalysisRunner will not be running.
RoslynAnalysisRunner has terminated.
Mono: successfully reloaded assembly
- Completed reload, in  1.796 seconds
Platform modules already initialized, skipping
Shader 'Sunshine/Nature/Terrain/Diffuse': dependency 'Details2' shader 'Hidden/Sunshine/TerrainEngine/Details/BillboardWavingDoublePass' not found
Shader 'Sunshine/Nature/Terrain/Specular': dependency 'BaseMapShader' shader 'Hidden/Sunshine/TerrainEngine/Splatmap/Specular-Base' not found
Shader 'Sunshine/Nature/Tree Creator Leaves Fast': dependency 'OptimizedShader' shader 'Hidden/Sunshine/Nature/Tree Creator Leaves Fast Optimized' not found
Shader 'Sunshine/Nature/Terrain/Diffuse': dependency 'Details2' shader 'Hidden/Sunshine/TerrainEngine/Details/BillboardWavingDoublePass' not found
Shader 'Sunshine/Nature/Terrain/Standard': dependency 'BaseMapShader' shader 'Hidden/Sunshine/TerrainEngine/Splatmap/Standard-Base' not found
Shader 'Sunshine/Mobile/Bumped Specular (1 Directional Light)': fallback shader 'Mobile/Bumped Specular (1 Directional Light)' not found
Refreshing native plugins compatible for Editor in 1.13 ms, found 1 plugins.
Preloading 0 native plugins for Editor in 0.00 ms.
Unloading 1488 Unused Serialized files (Serialized files now loaded: 0)
System memory in use before: 371.7 MB.
System memory in use after: 371.3 MB.

Unloading 16 unused Assets to reduce memory usage. Loaded Objects now: 2181.
Total: 3.393047 ms (FindLiveObjects: 0.430174 ms CreateObjectMapping: 0.121821 ms MarkObjects: 2.080627 ms  DeleteObjects: 0.758964 ms)

========================================================================
Received Prepare
Platform WindowsStandaloneSupport does not support graphics device type 

Registering precompiled user dll's ...
Registered in 0.036452 seconds.
Begin MonoManager ReloadAssembly
Native extension for WindowsStandalone target not found
Native extension for OSXStandalone target not found
Refreshing native plugins compatible for Editor in 1.03 ms, found 1 plugins.
Preloading 0 native plugins for Editor in 0.00 ms.
Invoked RoslynAnalysisRunner static constructor.
RoslynAnalysisRunner will not be running.
RoslynAnalysisRunner has terminated.
Mono: successfully reloaded assembly
- Completed reload, in  1.779 seconds
Platform modules already initialized, skipping
Shader 'Sunshine/Nature/Terrain/Diffuse': dependency 'Details2' shader 'Hidden/Sunshine/TerrainEngine/Details/BillboardWavingDoublePass' not found
Shader 'Sunshine/Nature/Terrain/Specular': dependency 'BaseMapShader' shader 'Hidden/Sunshine/TerrainEngine/Splatmap/Specular-Base' not found
Shader 'Sunshine/Nature/Tree Creator Leaves Fast': dependency 'OptimizedShader' shader 'Hidden/Sunshine/Nature/Tree Creator Leaves Fast Optimized' not found
Shader 'Sunshine/Nature/Terrain/Diffuse': dependency 'Details2' shader 'Hidden/Sunshine/TerrainEngine/Details/BillboardWavingDoublePass' not found
Shader 'Sunshine/Nature/Terrain/Standard': dependency 'BaseMapShader' shader 'Hidden/Sunshine/TerrainEngine/Splatmap/Standard-Base' not found
Shader 'Sunshine/Mobile/Bumped Specular (1 Directional Light)': fallback shader 'Mobile/Bumped Specular (1 Directional Light)' not found
Refreshing native plugins compatible for Editor in 1.08 ms, found 1 plugins.
Preloading 0 native plugins for Editor in 0.00 ms.
Unloading 1488 Unused Serialized files (Serialized files now loaded: 0)
System memory in use before: 373.4 MB.
System memory in use after: 373.0 MB.

Unloading 16 unused Assets to reduce memory usage. Loaded Objects now: 2183.
Total: 3.521292 ms (FindLiveObjects: 0.582624 ms CreateObjectMapping: 0.144753 ms MarkObjects: 1.905356 ms  DeleteObjects: 0.886921 ms)

========================================================================
Received Prepare
Platform WindowsStandaloneSupport does not support graphics device type 

Registering precompiled user dll's ...
Registered in 0.024721 seconds.
Begin MonoManager ReloadAssembly
Native extension for WindowsStandalone target not found
Native extension for OSXStandalone target not found
Refreshing native plugins compatible for Editor in 1.18 ms, found 1 plugins.
Preloading 0 native plugins for Editor in 0.00 ms.
Invoked RoslynAnalysisRunner static constructor.
RoslynAnalysisRunner will not be running.
RoslynAnalysisRunner has terminated.
Mono: successfully reloaded assembly
- Completed reload, in  2.696 seconds
Platform modules already initialized, skipping
Shader 'Sunshine/Nature/Terrain/Diffuse': dependency 'Details2' shader 'Hidden/Sunshine/TerrainEngine/Details/BillboardWavingDoublePass' not found
Shader 'Sunshine/Nature/Terrain/Specular': dependency 'BaseMapShader' shader 'Hidden/Sunshine/TerrainEngine/Splatmap/Specular-Base' not found
Shader 'Sunshine/Nature/Tree Creator Leaves Fast': dependency 'OptimizedShader' shader 'Hidden/Sunshine/Nature/Tree Creator Leaves Fast Optimized' not found
Shader 'Sunshine/Nature/Terrain/Diffuse': dependency 'Details2' shader 'Hidden/Sunshine/TerrainEngine/Details/BillboardWavingDoublePass' not found
Shader 'Sunshine/Nature/Terrain/Standard': dependency 'BaseMapShader' shader 'Hidden/Sunshine/TerrainEngine/Splatmap/Standard-Base' not found
Shader 'Sunshine/Mobile/Bumped Specular (1 Directional Light)': fallback shader 'Mobile/Bumped Specular (1 Directional Light)' not found
Refreshing native plugins compatible for Editor in 1.11 ms, found 1 plugins.
Preloading 0 native plugins for Editor in 0.00 ms.
Unloading 1488 Unused Serialized files (Serialized files now loaded: 0)
System memory in use before: 373.2 MB.
System memory in use after: 372.8 MB.

Unloading 16 unused Assets to reduce memory usage. Loaded Objects now: 2185.
Total: 5.624977 ms (FindLiveObjects: 0.575101 ms CreateObjectMapping: 0.122872 ms MarkObjects: 4.022435 ms  DeleteObjects: 0.902439 ms)

========================================================================
Received Prepare
Platform WindowsStandaloneSupport does not support graphics device type 

Registering precompiled user dll's ...
Registered in 0.016781 seconds.
Begin MonoManager ReloadAssembly
Native extension for WindowsStandalone target not found
Native extension for OSXStandalone target not found
Refreshing native plugins compatible for Editor in 1.56 ms, found 1 plugins.
Preloading 0 native plugins for Editor in 0.00 ms.
Invoked RoslynAnalysisRunner static constructor.
RoslynAnalysisRunner will not be running.
RoslynAnalysisRunner has terminated.
Mono: successfully reloaded assembly
- Completed reload, in  2.252 seconds
Platform modules already initialized, skipping
Shader 'Sunshine/Nature/Terrain/Diffuse': dependency 'Details2' shader 'Hidden/Sunshine/TerrainEngine/Details/BillboardWavingDoublePass' not found
Shader 'Sunshine/Nature/Terrain/Specular': dependency 'BaseMapShader' shader 'Hidden/Sunshine/TerrainEngine/Splatmap/Specular-Base' not found
Shader 'Sunshine/Nature/Tree Creator Leaves Fast': dependency 'OptimizedShader' shader 'Hidden/Sunshine/Nature/Tree Creator Leaves Fast Optimized' not found
Shader 'Sunshine/Nature/Terrain/Diffuse': dependency 'Details2' shader 'Hidden/Sunshine/TerrainEngine/Details/BillboardWavingDoublePass' not found
Shader 'Sunshine/Nature/Terrain/Standard': dependency 'BaseMapShader' shader 'Hidden/Sunshine/TerrainEngine/Splatmap/Standard-Base' not found
Shader 'Sunshine/Mobile/Bumped Specular (1 Directional Light)': fallback shader 'Mobile/Bumped Specular (1 Directional Light)' not found
Refreshing native plugins compatible for Editor in 1.10 ms, found 1 plugins.
Preloading 0 native plugins for Editor in 0.00 ms.
Unloading 1488 Unused Serialized files (Serialized files now loaded: 0)
System memory in use before: 374.3 MB.
System memory in use after: 373.9 MB.

Unloading 16 unused Assets to reduce memory usage. Loaded Objects now: 2187.
Total: 3.494318 ms (FindLiveObjects: 0.528634 ms CreateObjectMapping: 0.089202 ms MarkObjects: 1.914417 ms  DeleteObjects: 0.959963 ms)

========================================================================
Received Prepare
Platform WindowsStandaloneSupport does not support graphics device type 

Registering precompiled user dll's ...
Registered in 0.028191 seconds.
Begin MonoManager ReloadAssembly
Native extension for WindowsStandalone target not found
Native extension for OSXStandalone target not found
Refreshing native plugins compatible for Editor in 1.04 ms, found 1 plugins.
Preloading 0 native plugins for Editor in 0.00 ms.
Invoked RoslynAnalysisRunner static constructor.
RoslynAnalysisRunner will not be running.
RoslynAnalysisRunner has terminated.
Mono: successfully reloaded assembly
- Completed reload, in  1.921 seconds
Platform modules already initialized, skipping
Shader 'Sunshine/Nature/Terrain/Diffuse': dependency 'Details2' shader 'Hidden/Sunshine/TerrainEngine/Details/BillboardWavingDoublePass' not found
Shader 'Sunshine/Nature/Terrain/Specular': dependency 'BaseMapShader' shader 'Hidden/Sunshine/TerrainEngine/Splatmap/Specular-Base' not found
Shader 'Sunshine/Nature/Tree Creator Leaves Fast': dependency 'OptimizedShader' shader 'Hidden/Sunshine/Nature/Tree Creator Leaves Fast Optimized' not found
Shader 'Sunshine/Nature/Terrain/Diffuse': dependency 'Details2' shader 'Hidden/Sunshine/TerrainEngine/Details/BillboardWavingDoublePass' not found
Shader 'Sunshine/Nature/Terrain/Standard': dependency 'BaseMapShader' shader 'Hidden/Sunshine/TerrainEngine/Splatmap/Standard-Base' not found
Shader 'Sunshine/Mobile/Bumped Specular (1 Directional Light)': fallback shader 'Mobile/Bumped Specular (1 Directional Light)' not found
Refreshing native plugins compatible for Editor in 1.15 ms, found 1 plugins.
Preloading 0 native plugins for Editor in 0.00 ms.
Unloading 1488 Unused Serialized files (Serialized files now loaded: 0)
System memory in use before: 375.0 MB.
System memory in use after: 374.6 MB.

Unloading 16 unused Assets to reduce memory usage. Loaded Objects now: 2189.
Total: 3.285293 ms (FindLiveObjects: 0.479200 ms CreateObjectMapping: 0.082210 ms MarkObjects: 1.897761 ms  DeleteObjects: 0.823140 ms)

========================================================================
Received Prepare
Platform WindowsStandaloneSupport does not support graphics device type 

Registering precompiled user dll's ...
Registered in 0.027655 seconds.
Begin MonoManager ReloadAssembly
Native extension for WindowsStandalone target not found
Native extension for OSXStandalone target not found
Refreshing native plugins compatible for Editor in 1.04 ms, found 1 plugins.
Preloading 0 native plugins for Editor in 0.00 ms.
Invoked RoslynAnalysisRunner static constructor.
RoslynAnalysisRunner will not be running.
RoslynAnalysisRunner has terminated.
Mono: successfully reloaded assembly
- Completed reload, in  1.849 seconds
Platform modules already initialized, skipping
Shader 'Sunshine/Nature/Terrain/Diffuse': dependency 'Details2' shader 'Hidden/Sunshine/TerrainEngine/Details/BillboardWavingDoublePass' not found
Shader 'Sunshine/Nature/Terrain/Specular': dependency 'BaseMapShader' shader 'Hidden/Sunshine/TerrainEngine/Splatmap/Specular-Base' not found
Shader 'Sunshine/Nature/Tree Creator Leaves Fast': dependency 'OptimizedShader' shader 'Hidden/Sunshine/Nature/Tree Creator Leaves Fast Optimized' not found
Shader 'Sunshine/Nature/Terrain/Diffuse': dependency 'Details2' shader 'Hidden/Sunshine/TerrainEngine/Details/BillboardWavingDoublePass' not found
Shader 'Sunshine/Nature/Terrain/Standard': dependency 'BaseMapShader' shader 'Hidden/Sunshine/TerrainEngine/Splatmap/Standard-Base' not found
Shader 'Sunshine/Mobile/Bumped Specular (1 Directional Light)': fallback shader 'Mobile/Bumped Specular (1 Directional Light)' not found
Refreshing native plugins compatible for Editor in 1.81 ms, found 1 plugins.
Preloading 0 native plugins for Editor in 0.00 ms.
Unloading 1488 Unused Serialized files (Serialized files now loaded: 0)
System memory in use before: 376.7 MB.
System memory in use after: 376.3 MB.

Unloading 16 unused Assets to reduce memory usage. Loaded Objects now: 2191.
Total: 5.432815 ms (FindLiveObjects: 0.737697 ms CreateObjectMapping: 0.204043 ms MarkObjects: 3.295969 ms  DeleteObjects: 1.192756 ms)

========================================================================
Received Prepare
Platform WindowsStandaloneSupport does not support graphics device type 

Registering precompiled user dll's ...
Registered in 0.022051 seconds.
Begin MonoManager ReloadAssembly
Native extension for WindowsStandalone target not found
Native extension for OSXStandalone target not found
Refreshing native plugins compatible for Editor in 1.12 ms, found 1 plugins.
Preloading 0 native plugins for Editor in 0.00 ms.
Invoked RoslynAnalysisRunner static constructor.
RoslynAnalysisRunner will not be running.
RoslynAnalysisRunner has terminated.
Mono: successfully reloaded assembly
- Completed reload, in  1.768 seconds
Platform modules already initialized, skipping
Shader 'Sunshine/Nature/Terrain/Diffuse': dependency 'Details2' shader 'Hidden/Sunshine/TerrainEngine/Details/BillboardWavingDoublePass' not found
Shader 'Sunshine/Nature/Terrain/Specular': dependency 'BaseMapShader' shader 'Hidden/Sunshine/TerrainEngine/Splatmap/Specular-Base' not found
Shader 'Sunshine/Nature/Tree Creator Leaves Fast': dependency 'OptimizedShader' shader 'Hidden/Sunshine/Nature/Tree Creator Leaves Fast Optimized' not found
Shader 'Sunshine/Nature/Terrain/Diffuse': dependency 'Details2' shader 'Hidden/Sunshine/TerrainEngine/Details/BillboardWavingDoublePass' not found
Shader 'Sunshine/Nature/Terrain/Standard': dependency 'BaseMapShader' shader 'Hidden/Sunshine/TerrainEngine/Splatmap/Standard-Base' not found
Shader 'Sunshine/Mobile/Bumped Specular (1 Directional Light)': fallback shader 'Mobile/Bumped Specular (1 Directional Light)' not found
Refreshing native plugins compatible for Editor in 1.24 ms, found 1 plugins.
Preloading 0 native plugins for Editor in 0.00 ms.
Unloading 1488 Unused Serialized files (Serialized files now loaded: 0)
System memory in use before: 376.4 MB.
System memory in use after: 376.0 MB.

Unloading 16 unused Assets to reduce memory usage. Loaded Objects now: 2193.
Total: 4.918621 ms (FindLiveObjects: 0.400316 ms CreateObjectMapping: 0.068903 ms MarkObjects: 3.343629 ms  DeleteObjects: 1.103318 ms)

========================================================================
Received Prepare
Platform WindowsStandaloneSupport does not support graphics device type 

Registering precompiled user dll's ...
Registered in 0.020992 seconds.
Begin MonoManager ReloadAssembly
Native extension for WindowsStandalone target not found
Native extension for OSXStandalone target not found
Refreshing native plugins compatible for Editor in 1.49 ms, found 1 plugins.
Preloading 0 native plugins for Editor in 0.00 ms.
Invoked RoslynAnalysisRunner static constructor.
RoslynAnalysisRunner will not be running.
RoslynAnalysisRunner has terminated.
Mono: successfully reloaded assembly
- Completed reload, in  1.952 seconds
Platform modules already initialized, skipping
Shader 'Sunshine/Nature/Terrain/Diffuse': dependency 'Details2' shader 'Hidden/Sunshine/TerrainEngine/Details/BillboardWavingDoublePass' not found
Shader 'Sunshine/Nature/Terrain/Specular': dependency 'BaseMapShader' shader 'Hidden/Sunshine/TerrainEngine/Splatmap/Specular-Base' not found
Shader 'Sunshine/Nature/Tree Creator Leaves Fast': dependency 'OptimizedShader' shader 'Hidden/Sunshine/Nature/Tree Creator Leaves Fast Optimized' not found
Shader 'Sunshine/Nature/Terrain/Diffuse': dependency 'Details2' shader 'Hidden/Sunshine/TerrainEngine/Details/BillboardWavingDoublePass' not found
Shader 'Sunshine/Nature/Terrain/Standard': dependency 'BaseMapShader' shader 'Hidden/Sunshine/TerrainEngine/Splatmap/Standard-Base' not found
Shader 'Sunshine/Mobile/Bumped Specular (1 Directional Light)': fallback shader 'Mobile/Bumped Specular (1 Directional Light)' not found
Refreshing native plugins compatible for Editor in 1.18 ms, found 1 plugins.
Preloading 0 native plugins for Editor in 0.00 ms.
Unloading 1488 Unused Serialized files (Serialized files now loaded: 0)
System memory in use before: 377.2 MB.
System memory in use after: 376.8 MB.

Unloading 16 unused Assets to reduce memory usage. Loaded Objects now: 2195.
Total: 4.275670 ms (FindLiveObjects: 0.584480 ms CreateObjectMapping: 0.204652 ms MarkObjects: 2.449030 ms  DeleteObjects: 1.035470 ms)

========================================================================
Received Prepare
Platform WindowsStandaloneSupport does not support graphics device type 

Registering precompiled user dll's ...
Registered in 0.023163 seconds.
Begin MonoManager ReloadAssembly
Native extension for WindowsStandalone target not found
Native extension for OSXStandalone target not found
Refreshing native plugins compatible for Editor in 1.54 ms, found 1 plugins.
Preloading 0 native plugins for Editor in 0.00 ms.
Invoked RoslynAnalysisRunner static constructor.
RoslynAnalysisRunner will not be running.
RoslynAnalysisRunner has terminated.
Mono: successfully reloaded assembly
- Completed reload, in  1.894 seconds
Platform modules already initialized, skipping
Shader 'Sunshine/Nature/Terrain/Diffuse': dependency 'Details2' shader 'Hidden/Sunshine/TerrainEngine/Details/BillboardWavingDoublePass' not found
Shader 'Sunshine/Nature/Terrain/Specular': dependency 'BaseMapShader' shader 'Hidden/Sunshine/TerrainEngine/Splatmap/Specular-Base' not found
Shader 'Sunshine/Nature/Tree Creator Leaves Fast': dependency 'OptimizedShader' shader 'Hidden/Sunshine/Nature/Tree Creator Leaves Fast Optimized' not found
Shader 'Sunshine/Nature/Terrain/Diffuse': dependency 'Details2' shader 'Hidden/Sunshine/TerrainEngine/Details/BillboardWavingDoublePass' not found
Shader 'Sunshine/Nature/Terrain/Standard': dependency 'BaseMapShader' shader 'Hidden/Sunshine/TerrainEngine/Splatmap/Standard-Base' not found
Shader 'Sunshine/Mobile/Bumped Specular (1 Directional Light)': fallback shader 'Mobile/Bumped Specular (1 Directional Light)' not found
Refreshing native plugins compatible for Editor in 1.04 ms, found 1 plugins.
Preloading 0 native plugins for Editor in 0.00 ms.
Unloading 1488 Unused Serialized files (Serialized files now loaded: 0)
System memory in use before: 377.9 MB.
System memory in use after: 377.5 MB.

Unloading 16 unused Assets to reduce memory usage. Loaded Objects now: 2197.
Total: 3.455409 ms (FindLiveObjects: 0.526836 ms CreateObjectMapping: 0.112253 ms MarkObjects: 2.010070 ms  DeleteObjects: 0.804993 ms)

========================================================================
Received Import Request.
  Time since last request: 12538.039601 seconds.
  path: Assets/scripts/game
  artifactKey: Guid(2dba92c2d1c874d5fb5f771133670327) Importer(815301076,1909f56bfc062723c751e8b465ee728b)
Start importing Assets/scripts/game using Guid(2dba92c2d1c874d5fb5f771133670327) Importer(815301076,1909f56bfc062723c751e8b465ee728b)  -> (artifact id: 'de4056c5ba3c0db83419b7c526db7720') in 0.043225 seconds
  Import took 0.060658 seconds .

========================================================================
Received Import Request.
  Time since last request: 9.014238 seconds.
  path: Assets/scripts/game/GlassGameData.cs
  artifactKey: Guid(6bbc92ed1f0f544b185049cf4857c3c6) Importer(815301076,1909f56bfc062723c751e8b465ee728b)
Start importing Assets/scripts/game/GlassGameData.cs using Guid(6bbc92ed1f0f544b185049cf4857c3c6) Importer(815301076,1909f56bfc062723c751e8b465ee728b)  -> (artifact id: '6c8b51ec3802157c62cdc9e18ebceed4') in 0.835263 seconds
  Import took 0.840216 seconds .

========================================================================
Received Import Request.
  Time since last request: 12.302182 seconds.
  path: Assets/scripts/_polyworks/game
  artifactKey: Guid(93b7a5411dce843a3bf5b53c25105e34) Importer(815301076,1909f56bfc062723c751e8b465ee728b)
Start importing Assets/scripts/_polyworks/game using Guid(93b7a5411dce843a3bf5b53c25105e34) Importer(815301076,1909f56bfc062723c751e8b465ee728b)  -> (artifact id: '4a90473facc70a05612092e7f88759a3') in 0.003691 seconds
  Import took 0.015616 seconds .

========================================================================
Received Import Request.
  Time since last request: 0.007334 seconds.
  path: Assets/scripts/_polyworks/game
  artifactKey: Guid(93b7a5411dce843a3bf5b53c25105e34) Importer(815301076,1909f56bfc062723c751e8b465ee728b)
Start importing Assets/scripts/_polyworks/game using Guid(93b7a5411dce843a3bf5b53c25105e34) Importer(815301076,1909f56bfc062723c751e8b465ee728b)  -> (artifact id: '4a90473facc70a05612092e7f88759a3') in 0.007497 seconds
  Import took 0.023692 seconds .

========================================================================
Received Import Request.
  Time since last request: 1.041383 seconds.
  path: Assets/scripts/_polyworks/game/Game.cs
  artifactKey: Guid(59cf262d9506b4b06afb27638a442c26) Importer(815301076,1909f56bfc062723c751e8b465ee728b)
Start importing Assets/scripts/_polyworks/game/Game.cs using Guid(59cf262d9506b4b06afb27638a442c26) Importer(815301076,1909f56bfc062723c751e8b465ee728b)  -> (artifact id: '26f50968adb10ed1342e3b8737415084') in 0.009384 seconds
  Import took 0.015283 seconds .

========================================================================
Received Import Request.
  Time since last request: 0.003731 seconds.
  path: Assets/scripts/_polyworks/game/Game.cs
  artifactKey: Guid(59cf262d9506b4b06afb27638a442c26) Importer(815301076,1909f56bfc062723c751e8b465ee728b)
Start importing Assets/scripts/_polyworks/game/Game.cs using Guid(59cf262d9506b4b06afb27638a442c26) Importer(815301076,1909f56bfc062723c751e8b465ee728b)  -> (artifact id: '26f50968adb10ed1342e3b8737415084') in 0.007975 seconds
  Import took 0.016852 seconds .

========================================================================
Received Prepare
Platform WindowsStandaloneSupport does not support graphics device type 

Registering precompiled user dll's ...
Registered in 0.025818 seconds.
Begin MonoManager ReloadAssembly
Native extension for WindowsStandalone target not found
Native extension for OSXStandalone target not found
Refreshing native plugins compatible for Editor in 1.26 ms, found 1 plugins.
Preloading 0 native plugins for Editor in 0.00 ms.
Invoked RoslynAnalysisRunner static constructor.
RoslynAnalysisRunner will not be running.
RoslynAnalysisRunner has terminated.
Mono: successfully reloaded assembly
- Completed reload, in  1.922 seconds
Platform modules already initialized, skipping
Shader 'Sunshine/Nature/Terrain/Diffuse': dependency 'Details2' shader 'Hidden/Sunshine/TerrainEngine/Details/BillboardWavingDoublePass' not found
Shader 'Sunshine/Nature/Terrain/Specular': dependency 'BaseMapShader' shader 'Hidden/Sunshine/TerrainEngine/Splatmap/Specular-Base' not found
Shader 'Sunshine/Nature/Tree Creator Leaves Fast': dependency 'OptimizedShader' shader 'Hidden/Sunshine/Nature/Tree Creator Leaves Fast Optimized' not found
Shader 'Sunshine/Nature/Terrain/Diffuse': dependency 'Details2' shader 'Hidden/Sunshine/TerrainEngine/Details/BillboardWavingDoublePass' not found
Shader 'Sunshine/Nature/Terrain/Standard': dependency 'BaseMapShader' shader 'Hidden/Sunshine/TerrainEngine/Splatmap/Standard-Base' not found
Shader 'Sunshine/Mobile/Bumped Specular (1 Directional Light)': fallback shader 'Mobile/Bumped Specular (1 Directional Light)' not found
Refreshing native plugins compatible for Editor in 1.19 ms, found 1 plugins.
Preloading 0 native plugins for Editor in 0.00 ms.
Unloading 1488 Unused Serialized files (Serialized files now loaded: 0)
System memory in use before: 383.9 MB.
System memory in use after: 383.5 MB.

Unloading 16 unused Assets to reduce memory usage. Loaded Objects now: 2199.
Total: 3.512184 ms (FindLiveObjects: 0.322095 ms CreateObjectMapping: 0.074039 ms MarkObjects: 2.246848 ms  DeleteObjects: 0.867318 ms)

========================================================================
Received Prepare
Platform WindowsStandaloneSupport does not support graphics device type 

Registering precompiled user dll's ...
Registered in 0.018684 seconds.
Begin MonoManager ReloadAssembly
Native extension for WindowsStandalone target not found
Native extension for OSXStandalone target not found
Refreshing native plugins compatible for Editor in 1.20 ms, found 1 plugins.
Preloading 0 native plugins for Editor in 0.00 ms.
Invoked RoslynAnalysisRunner static constructor.
RoslynAnalysisRunner will not be running.
RoslynAnalysisRunner has terminated.
Mono: successfully reloaded assembly
- Completed reload, in  2.018 seconds
Platform modules already initialized, skipping
Shader 'Sunshine/Nature/Terrain/Diffuse': dependency 'Details2' shader 'Hidden/Sunshine/TerrainEngine/Details/BillboardWavingDoublePass' not found
Shader 'Sunshine/Nature/Terrain/Specular': dependency 'BaseMapShader' shader 'Hidden/Sunshine/TerrainEngine/Splatmap/Specular-Base' not found
Shader 'Sunshine/Nature/Tree Creator Leaves Fast': dependency 'OptimizedShader' shader 'Hidden/Sunshine/Nature/Tree Creator Leaves Fast Optimized' not found
Shader 'Sunshine/Nature/Terrain/Diffuse': dependency 'Details2' shader 'Hidden/Sunshine/TerrainEngine/Details/BillboardWavingDoublePass' not found
Shader 'Sunshine/Nature/Terrain/Standard': dependency 'BaseMapShader' shader 'Hidden/Sunshine/TerrainEngine/Splatmap/Standard-Base' not found
Shader 'Sunshine/Mobile/Bumped Specular (1 Directional Light)': fallback shader 'Mobile/Bumped Specular (1 Directional Light)' not found
Refreshing native plugins compatible for Editor in 1.66 ms, found 1 plugins.
Preloading 0 native plugins for Editor in 0.00 ms.
Unloading 1488 Unused Serialized files (Serialized files now loaded: 0)
System memory in use before: 383.6 MB.
System memory in use after: 383.2 MB.

Unloading 16 unused Assets to reduce memory usage. Loaded Objects now: 2201.
Total: 5.220044 ms (FindLiveObjects: 0.685470 ms CreateObjectMapping: 0.194365 ms MarkObjects: 3.169887 ms  DeleteObjects: 1.168662 ms)

========================================================================
Received Prepare
Platform WindowsStandaloneSupport does not support graphics device type 

Registering precompiled user dll's ...
Registered in 0.026642 seconds.
Begin MonoManager ReloadAssembly
Native extension for WindowsStandalone target not found
Native extension for OSXStandalone target not found
Refreshing native plugins compatible for Editor in 1.18 ms, found 1 plugins.
Preloading 0 native plugins for Editor in 0.00 ms.
Invoked RoslynAnalysisRunner static constructor.
RoslynAnalysisRunner will not be running.
RoslynAnalysisRunner has terminated.
Mono: successfully reloaded assembly
- Completed reload, in  1.985 seconds
Platform modules already initialized, skipping
Shader 'Sunshine/Nature/Terrain/Diffuse': dependency 'Details2' shader 'Hidden/Sunshine/TerrainEngine/Details/BillboardWavingDoublePass' not found
Shader 'Sunshine/Nature/Terrain/Specular': dependency 'BaseMapShader' shader 'Hidden/Sunshine/TerrainEngine/Splatmap/Specular-Base' not found
Shader 'Sunshine/Nature/Tree Creator Leaves Fast': dependency 'OptimizedShader' shader 'Hidden/Sunshine/Nature/Tree Creator Leaves Fast Optimized' not found
Shader 'Sunshine/Nature/Terrain/Diffuse': dependency 'Details2' shader 'Hidden/Sunshine/TerrainEngine/Details/BillboardWavingDoublePass' not found
Shader 'Sunshine/Nature/Terrain/Standard': dependency 'BaseMapShader' shader 'Hidden/Sunshine/TerrainEngine/Splatmap/Standard-Base' not found
Shader 'Sunshine/Mobile/Bumped Specular (1 Directional Light)': fallback shader 'Mobile/Bumped Specular (1 Directional Light)' not found
Refreshing native plugins compatible for Editor in 1.65 ms, found 1 plugins.
Preloading 0 native plugins for Editor in 0.00 ms.
Unloading 1488 Unused Serialized files (Serialized files now loaded: 0)
System memory in use before: 384.3 MB.
System memory in use after: 383.9 MB.

Unloading 16 unused Assets to reduce memory usage. Loaded Objects now: 2203.
Total: 4.059134 ms (FindLiveObjects: 0.426116 ms CreateObjectMapping: 0.081297 ms MarkObjects: 2.426958 ms  DeleteObjects: 1.123014 ms)

========================================================================
Received Prepare
Platform WindowsStandaloneSupport does not support graphics device type 

Registering precompiled user dll's ...
Registered in 0.019545 seconds.
Begin MonoManager ReloadAssembly
Native extension for WindowsStandalone target not found
Native extension for OSXStandalone target not found
Refreshing native plugins compatible for Editor in 1.19 ms, found 1 plugins.
Preloading 0 native plugins for Editor in 0.00 ms.
Invoked RoslynAnalysisRunner static constructor.
RoslynAnalysisRunner will not be running.
RoslynAnalysisRunner has terminated.
Mono: successfully reloaded assembly
- Completed reload, in  1.717 seconds
Platform modules already initialized, skipping
Shader 'Sunshine/Nature/Terrain/Diffuse': dependency 'Details2' shader 'Hidden/Sunshine/TerrainEngine/Details/BillboardWavingDoublePass' not found
Shader 'Sunshine/Nature/Terrain/Specular': dependency 'BaseMapShader' shader 'Hidden/Sunshine/TerrainEngine/Splatmap/Specular-Base' not found
Shader 'Sunshine/Nature/Tree Creator Leaves Fast': dependency 'OptimizedShader' shader 'Hidden/Sunshine/Nature/Tree Creator Leaves Fast Optimized' not found
Shader 'Sunshine/Nature/Terrain/Diffuse': dependency 'Details2' shader 'Hidden/Sunshine/TerrainEngine/Details/BillboardWavingDoublePass' not found
Shader 'Sunshine/Nature/Terrain/Standard': dependency 'BaseMapShader' shader 'Hidden/Sunshine/TerrainEngine/Splatmap/Standard-Base' not found
Shader 'Sunshine/Mobile/Bumped Specular (1 Directional Light)': fallback shader 'Mobile/Bumped Specular (1 Directional Light)' not found
Refreshing native plugins compatible for Editor in 1.64 ms, found 1 plugins.
Preloading 0 native plugins for Editor in 0.00 ms.
Unloading 1488 Unused Serialized files (Serialized files now loaded: 0)
System memory in use before: 385.1 MB.
System memory in use after: 384.7 MB.

Unloading 16 unused Assets to reduce memory usage. Loaded Objects now: 2205.
Total: 4.727885 ms (FindLiveObjects: 0.531205 ms CreateObjectMapping: 0.179551 ms MarkObjects: 2.977662 ms  DeleteObjects: 1.037035 ms)

========================================================================
Received Prepare
Platform WindowsStandaloneSupport does not support graphics device type 

Registering precompiled user dll's ...
Registered in 0.007044 seconds.
Begin MonoManager ReloadAssembly
Native extension for WindowsStandalone target not found
Native extension for OSXStandalone target not found
Refreshing native plugins compatible for Editor in 1.52 ms, found 1 plugins.
Preloading 0 native plugins for Editor in 0.00 ms.
Invoked RoslynAnalysisRunner static constructor.
RoslynAnalysisRunner will not be running.
RoslynAnalysisRunner has terminated.
Mono: successfully reloaded assembly
- Completed reload, in  1.669 seconds
Platform modules already initialized, skipping
Shader 'Sunshine/Nature/Terrain/Diffuse': dependency 'Details2' shader 'Hidden/Sunshine/TerrainEngine/Details/BillboardWavingDoublePass' not found
Shader 'Sunshine/Nature/Terrain/Specular': dependency 'BaseMapShader' shader 'Hidden/Sunshine/TerrainEngine/Splatmap/Specular-Base' not found
Shader 'Sunshine/Nature/Tree Creator Leaves Fast': dependency 'OptimizedShader' shader 'Hidden/Sunshine/Nature/Tree Creator Leaves Fast Optimized' not found
Shader 'Sunshine/Nature/Terrain/Diffuse': dependency 'Details2' shader 'Hidden/Sunshine/TerrainEngine/Details/BillboardWavingDoublePass' not found
Shader 'Sunshine/Nature/Terrain/Standard': dependency 'BaseMapShader' shader 'Hidden/Sunshine/TerrainEngine/Splatmap/Standard-Base' not found
Shader 'Sunshine/Mobile/Bumped Specular (1 Directional Light)': fallback shader 'Mobile/Bumped Specular (1 Directional Light)' not found
Refreshing native plugins compatible for Editor in 1.32 ms, found 1 plugins.
Preloading 0 native plugins for Editor in 0.00 ms.
Unloading 1488 Unused Serialized files (Serialized files now loaded: 0)
System memory in use before: 386.8 MB.
System memory in use after: 386.4 MB.

Unloading 16 unused Assets to reduce memory usage. Loaded Objects now: 2207.
Total: 3.263612 ms (FindLiveObjects: 0.377876 ms CreateObjectMapping: 0.082554 ms MarkObjects: 1.950341 ms  DeleteObjects: 0.851266 ms)

========================================================================
Received Prepare
Platform WindowsStandaloneSupport does not support graphics device type 

Registering precompiled user dll's ...
Registered in 0.007132 seconds.
Begin MonoManager ReloadAssembly
Native extension for WindowsStandalone target not found
Native extension for OSXStandalone target not found
Refreshing native plugins compatible for Editor in 1.04 ms, found 1 plugins.
Preloading 0 native plugins for Editor in 0.00 ms.
Invoked RoslynAnalysisRunner static constructor.
RoslynAnalysisRunner will not be running.
RoslynAnalysisRunner has terminated.
Mono: successfully reloaded assembly
- Completed reload, in  1.923 seconds
Platform modules already initialized, skipping
Shader 'Sunshine/Nature/Terrain/Diffuse': dependency 'Details2' shader 'Hidden/Sunshine/TerrainEngine/Details/BillboardWavingDoublePass' not found
Shader 'Sunshine/Nature/Terrain/Specular': dependency 'BaseMapShader' shader 'Hidden/Sunshine/TerrainEngine/Splatmap/Specular-Base' not found
Shader 'Sunshine/Nature/Tree Creator Leaves Fast': dependency 'OptimizedShader' shader 'Hidden/Sunshine/Nature/Tree Creator Leaves Fast Optimized' not found
Shader 'Sunshine/Nature/Terrain/Diffuse': dependency 'Details2' shader 'Hidden/Sunshine/TerrainEngine/Details/BillboardWavingDoublePass' not found
Shader 'Sunshine/Nature/Terrain/Standard': dependency 'BaseMapShader' shader 'Hidden/Sunshine/TerrainEngine/Splatmap/Standard-Base' not found
Shader 'Sunshine/Mobile/Bumped Specular (1 Directional Light)': fallback shader 'Mobile/Bumped Specular (1 Directional Light)' not found
Refreshing native plugins compatible for Editor in 1.21 ms, found 1 plugins.
Preloading 0 native plugins for Editor in 0.00 ms.
Unloading 1488 Unused Serialized files (Serialized files now loaded: 0)
System memory in use before: 386.5 MB.
System memory in use after: 386.1 MB.

Unloading 16 unused Assets to reduce memory usage. Loaded Objects now: 2209.
Total: 3.506773 ms (FindLiveObjects: 0.423560 ms CreateObjectMapping: 0.196161 ms MarkObjects: 1.931517 ms  DeleteObjects: 0.953879 ms)

========================================================================
Received Prepare
Platform WindowsStandaloneSupport does not support graphics device type 

Registering precompiled user dll's ...
Registered in 0.022161 seconds.
Begin MonoManager ReloadAssembly
Native extension for WindowsStandalone target not found
Native extension for OSXStandalone target not found
Refreshing native plugins compatible for Editor in 8.22 ms, found 1 plugins.
Preloading 0 native plugins for Editor in 0.00 ms.
Invoked RoslynAnalysisRunner static constructor.
RoslynAnalysisRunner will not be running.
RoslynAnalysisRunner has terminated.
Mono: successfully reloaded assembly
- Completed reload, in  6.790 seconds
Platform modules already initialized, skipping
Shader 'Sunshine/Nature/Terrain/Diffuse': dependency 'Details2' shader 'Hidden/Sunshine/TerrainEngine/Details/BillboardWavingDoublePass' not found
Shader 'Sunshine/Nature/Terrain/Specular': dependency 'BaseMapShader' shader 'Hidden/Sunshine/TerrainEngine/Splatmap/Specular-Base' not found
Shader 'Sunshine/Nature/Tree Creator Leaves Fast': dependency 'OptimizedShader' shader 'Hidden/Sunshine/Nature/Tree Creator Leaves Fast Optimized' not found
Shader 'Sunshine/Nature/Terrain/Diffuse': dependency 'Details2' shader 'Hidden/Sunshine/TerrainEngine/Details/BillboardWavingDoublePass' not found
Shader 'Sunshine/Nature/Terrain/Standard': dependency 'BaseMapShader' shader 'Hidden/Sunshine/TerrainEngine/Splatmap/Standard-Base' not found
Shader 'Sunshine/Mobile/Bumped Specular (1 Directional Light)': fallback shader 'Mobile/Bumped Specular (1 Directional Light)' not found
Refreshing native plugins compatible for Editor in 1.12 ms, found 1 plugins.
Preloading 0 native plugins for Editor in 0.00 ms.
Unloading 1488 Unused Serialized files (Serialized files now loaded: 0)
System memory in use before: 387.3 MB.
System memory in use after: 387.0 MB.

Unloading 16 unused Assets to reduce memory usage. Loaded Objects now: 2211.
Total: 12.852526 ms (FindLiveObjects: 1.649576 ms CreateObjectMapping: 0.440682 ms MarkObjects: 7.789592 ms  DeleteObjects: 2.966735 ms)

========================================================================
Received Prepare
Platform WindowsStandaloneSupport does not support graphics device type 

Registering precompiled user dll's ...
Registered in 0.032583 seconds.
Begin MonoManager ReloadAssembly
Native extension for WindowsStandalone target not found
Native extension for OSXStandalone target not found
Refreshing native plugins compatible for Editor in 1.07 ms, found 1 plugins.
Preloading 0 native plugins for Editor in 0.00 ms.
Invoked RoslynAnalysisRunner static constructor.
RoslynAnalysisRunner will not be running.
RoslynAnalysisRunner has terminated.
Mono: successfully reloaded assembly
- Completed reload, in  1.698 seconds
Platform modules already initialized, skipping
Shader 'Sunshine/Nature/Terrain/Diffuse': dependency 'Details2' shader 'Hidden/Sunshine/TerrainEngine/Details/BillboardWavingDoublePass' not found
Shader 'Sunshine/Nature/Terrain/Specular': dependency 'BaseMapShader' shader 'Hidden/Sunshine/TerrainEngine/Splatmap/Specular-Base' not found
Shader 'Sunshine/Nature/Tree Creator Leaves Fast': dependency 'OptimizedShader' shader 'Hidden/Sunshine/Nature/Tree Creator Leaves Fast Optimized' not found
Shader 'Sunshine/Nature/Terrain/Diffuse': dependency 'Details2' shader 'Hidden/Sunshine/TerrainEngine/Details/BillboardWavingDoublePass' not found
Shader 'Sunshine/Nature/Terrain/Standard': dependency 'BaseMapShader' shader 'Hidden/Sunshine/TerrainEngine/Splatmap/Standard-Base' not found
Shader 'Sunshine/Mobile/Bumped Specular (1 Directional Light)': fallback shader 'Mobile/Bumped Specular (1 Directional Light)' not found
Refreshing native plugins compatible for Editor in 1.08 ms, found 1 plugins.
Preloading 0 native plugins for Editor in 0.00 ms.
Unloading 1488 Unused Serialized files (Serialized files now loaded: 0)
System memory in use before: 388.1 MB.
System memory in use after: 387.7 MB.

Unloading 16 unused Assets to reduce memory usage. Loaded Objects now: 2213.
Total: 5.097240 ms (FindLiveObjects: 0.669599 ms CreateObjectMapping: 0.161462 ms MarkObjects: 2.868960 ms  DeleteObjects: 1.395156 ms)

========================================================================
Received Prepare
Platform WindowsStandaloneSupport does not support graphics device type 

Registering precompiled user dll's ...
Registered in 0.027851 seconds.
Begin MonoManager ReloadAssembly
Native extension for WindowsStandalone target not found
Native extension for OSXStandalone target not found
Refreshing native plugins compatible for Editor in 1.10 ms, found 1 plugins.
Preloading 0 native plugins for Editor in 0.00 ms.
Invoked RoslynAnalysisRunner static constructor.
RoslynAnalysisRunner will not be running.
RoslynAnalysisRunner has terminated.
Mono: successfully reloaded assembly
- Completed reload, in  2.001 seconds
Platform modules already initialized, skipping
Shader 'Sunshine/Nature/Terrain/Diffuse': dependency 'Details2' shader 'Hidden/Sunshine/TerrainEngine/Details/BillboardWavingDoublePass' not found
Shader 'Sunshine/Nature/Terrain/Specular': dependency 'BaseMapShader' shader 'Hidden/Sunshine/TerrainEngine/Splatmap/Specular-Base' not found
Shader 'Sunshine/Nature/Tree Creator Leaves Fast': dependency 'OptimizedShader' shader 'Hidden/Sunshine/Nature/Tree Creator Leaves Fast Optimized' not found
Shader 'Sunshine/Nature/Terrain/Diffuse': dependency 'Details2' shader 'Hidden/Sunshine/TerrainEngine/Details/BillboardWavingDoublePass' not found
Shader 'Sunshine/Nature/Terrain/Standard': dependency 'BaseMapShader' shader 'Hidden/Sunshine/TerrainEngine/Splatmap/Standard-Base' not found
Shader 'Sunshine/Mobile/Bumped Specular (1 Directional Light)': fallback shader 'Mobile/Bumped Specular (1 Directional Light)' not found
Refreshing native plugins compatible for Editor in 1.11 ms, found 1 plugins.
Preloading 0 native plugins for Editor in 0.00 ms.
Unloading 1488 Unused Serialized files (Serialized files now loaded: 0)
System memory in use before: 389.8 MB.
System memory in use after: 389.4 MB.

Unloading 16 unused Assets to reduce memory usage. Loaded Objects now: 2215.
Total: 3.458483 ms (FindLiveObjects: 0.521123 ms CreateObjectMapping: 0.100640 ms MarkObjects: 1.985652 ms  DeleteObjects: 0.849845 ms)

========================================================================
Received Prepare
Platform WindowsStandaloneSupport does not support graphics device type 

Registering precompiled user dll's ...
Registered in 0.033807 seconds.
Begin MonoManager ReloadAssembly
Native extension for WindowsStandalone target not found
Native extension for OSXStandalone target not found
Refreshing native plugins compatible for Editor in 2.80 ms, found 1 plugins.
Preloading 0 native plugins for Editor in 0.00 ms.
Invoked RoslynAnalysisRunner static constructor.
RoslynAnalysisRunner will not be running.
RoslynAnalysisRunner has terminated.
Mono: successfully reloaded assembly
- Completed reload, in  2.195 seconds
Platform modules already initialized, skipping
Shader 'Sunshine/Nature/Terrain/Diffuse': dependency 'Details2' shader 'Hidden/Sunshine/TerrainEngine/Details/BillboardWavingDoublePass' not found
Shader 'Sunshine/Nature/Terrain/Specular': dependency 'BaseMapShader' shader 'Hidden/Sunshine/TerrainEngine/Splatmap/Specular-Base' not found
Shader 'Sunshine/Nature/Tree Creator Leaves Fast': dependency 'OptimizedShader' shader 'Hidden/Sunshine/Nature/Tree Creator Leaves Fast Optimized' not found
Shader 'Sunshine/Nature/Terrain/Diffuse': dependency 'Details2' shader 'Hidden/Sunshine/TerrainEngine/Details/BillboardWavingDoublePass' not found
Shader 'Sunshine/Nature/Terrain/Standard': dependency 'BaseMapShader' shader 'Hidden/Sunshine/TerrainEngine/Splatmap/Standard-Base' not found
Shader 'Sunshine/Mobile/Bumped Specular (1 Directional Light)': fallback shader 'Mobile/Bumped Specular (1 Directional Light)' not found
Refreshing native plugins compatible for Editor in 1.19 ms, found 1 plugins.
Preloading 0 native plugins for Editor in 0.00 ms.
Unloading 1488 Unused Serialized files (Serialized files now loaded: 0)
System memory in use before: 389.6 MB.
System memory in use after: 389.2 MB.

Unloading 16 unused Assets to reduce memory usage. Loaded Objects now: 2217.
Total: 3.236716 ms (FindLiveObjects: 0.405420 ms CreateObjectMapping: 0.108292 ms MarkObjects: 1.784279 ms  DeleteObjects: 0.937077 ms)

========================================================================
Received Prepare
Platform WindowsStandaloneSupport does not support graphics device type 

Registering precompiled user dll's ...
Registered in 0.025878 seconds.
Begin MonoManager ReloadAssembly
Native extension for WindowsStandalone target not found
Native extension for OSXStandalone target not found
Refreshing native plugins compatible for Editor in 1.03 ms, found 1 plugins.
Preloading 0 native plugins for Editor in 0.00 ms.
Invoked RoslynAnalysisRunner static constructor.
RoslynAnalysisRunner will not be running.
RoslynAnalysisRunner has terminated.
Mono: successfully reloaded assembly
- Completed reload, in  1.762 seconds
Platform modules already initialized, skipping
Shader 'Sunshine/Nature/Terrain/Diffuse': dependency 'Details2' shader 'Hidden/Sunshine/TerrainEngine/Details/BillboardWavingDoublePass' not found
Shader 'Sunshine/Nature/Terrain/Specular': dependency 'BaseMapShader' shader 'Hidden/Sunshine/TerrainEngine/Splatmap/Specular-Base' not found
Shader 'Sunshine/Nature/Tree Creator Leaves Fast': dependency 'OptimizedShader' shader 'Hidden/Sunshine/Nature/Tree Creator Leaves Fast Optimized' not found
Shader 'Sunshine/Nature/Terrain/Diffuse': dependency 'Details2' shader 'Hidden/Sunshine/TerrainEngine/Details/BillboardWavingDoublePass' not found
Shader 'Sunshine/Nature/Terrain/Standard': dependency 'BaseMapShader' shader 'Hidden/Sunshine/TerrainEngine/Splatmap/Standard-Base' not found
Shader 'Sunshine/Mobile/Bumped Specular (1 Directional Light)': fallback shader 'Mobile/Bumped Specular (1 Directional Light)' not found
Refreshing native plugins compatible for Editor in 1.03 ms, found 1 plugins.
Preloading 0 native plugins for Editor in 0.00 ms.
Unloading 1488 Unused Serialized files (Serialized files now loaded: 0)
System memory in use before: 390.3 MB.
System memory in use after: 389.9 MB.

Unloading 16 unused Assets to reduce memory usage. Loaded Objects now: 2219.
Total: 3.497819 ms (FindLiveObjects: 0.377383 ms CreateObjectMapping: 0.085030 ms MarkObjects: 2.018991 ms  DeleteObjects: 1.014999 ms)

========================================================================
Received Prepare
Platform WindowsStandaloneSupport does not support graphics device type 

Registering precompiled user dll's ...
Registered in 0.026941 seconds.
Begin MonoManager ReloadAssembly
Native extension for WindowsStandalone target not found
Native extension for OSXStandalone target not found
Refreshing native plugins compatible for Editor in 1.03 ms, found 1 plugins.
Preloading 0 native plugins for Editor in 0.00 ms.
Invoked RoslynAnalysisRunner static constructor.
RoslynAnalysisRunner will not be running.
RoslynAnalysisRunner has terminated.
Mono: successfully reloaded assembly
- Completed reload, in  1.788 seconds
Platform modules already initialized, skipping
Shader 'Sunshine/Nature/Terrain/Diffuse': dependency 'Details2' shader 'Hidden/Sunshine/TerrainEngine/Details/BillboardWavingDoublePass' not found
Shader 'Sunshine/Nature/Terrain/Specular': dependency 'BaseMapShader' shader 'Hidden/Sunshine/TerrainEngine/Splatmap/Specular-Base' not found
Shader 'Sunshine/Nature/Tree Creator Leaves Fast': dependency 'OptimizedShader' shader 'Hidden/Sunshine/Nature/Tree Creator Leaves Fast Optimized' not found
Shader 'Sunshine/Nature/Terrain/Diffuse': dependency 'Details2' shader 'Hidden/Sunshine/TerrainEngine/Details/BillboardWavingDoublePass' not found
Shader 'Sunshine/Nature/Terrain/Standard': dependency 'BaseMapShader' shader 'Hidden/Sunshine/TerrainEngine/Splatmap/Standard-Base' not found
Shader 'Sunshine/Mobile/Bumped Specular (1 Directional Light)': fallback shader 'Mobile/Bumped Specular (1 Directional Light)' not found
Refreshing native plugins compatible for Editor in 3.15 ms, found 1 plugins.
Preloading 0 native plugins for Editor in 0.00 ms.
Unloading 1488 Unused Serialized files (Serialized files now loaded: 0)
System memory in use before: 391.0 MB.
System memory in use after: 390.6 MB.

Unloading 16 unused Assets to reduce memory usage. Loaded Objects now: 2221.
Total: 8.127780 ms (FindLiveObjects: 0.706214 ms CreateObjectMapping: 0.383454 ms MarkObjects: 4.441469 ms  DeleteObjects: 2.591533 ms)

========================================================================
Received Prepare
Platform WindowsStandaloneSupport does not support graphics device type 

Registering precompiled user dll's ...
Registered in 0.024808 seconds.
Begin MonoManager ReloadAssembly
Native extension for WindowsStandalone target not found
Native extension for OSXStandalone target not found
Refreshing native plugins compatible for Editor in 1.01 ms, found 1 plugins.
Preloading 0 native plugins for Editor in 0.00 ms.
Invoked RoslynAnalysisRunner static constructor.
RoslynAnalysisRunner will not be running.
RoslynAnalysisRunner has terminated.
Mono: successfully reloaded assembly
- Completed reload, in  2.100 seconds
Platform modules already initialized, skipping
Shader 'Sunshine/Nature/Terrain/Diffuse': dependency 'Details2' shader 'Hidden/Sunshine/TerrainEngine/Details/BillboardWavingDoublePass' not found
Shader 'Sunshine/Nature/Terrain/Specular': dependency 'BaseMapShader' shader 'Hidden/Sunshine/TerrainEngine/Splatmap/Specular-Base' not found
Shader 'Sunshine/Nature/Tree Creator Leaves Fast': dependency 'OptimizedShader' shader 'Hidden/Sunshine/Nature/Tree Creator Leaves Fast Optimized' not found
Shader 'Sunshine/Nature/Terrain/Diffuse': dependency 'Details2' shader 'Hidden/Sunshine/TerrainEngine/Details/BillboardWavingDoublePass' not found
Shader 'Sunshine/Nature/Terrain/Standard': dependency 'BaseMapShader' shader 'Hidden/Sunshine/TerrainEngine/Splatmap/Standard-Base' not found
Shader 'Sunshine/Mobile/Bumped Specular (1 Directional Light)': fallback shader 'Mobile/Bumped Specular (1 Directional Light)' not found
Refreshing native plugins compatible for Editor in 1.00 ms, found 1 plugins.
Preloading 0 native plugins for Editor in 0.00 ms.
Unloading 1488 Unused Serialized files (Serialized files now loaded: 0)
System memory in use before: 392.7 MB.
System memory in use after: 392.4 MB.

Unloading 16 unused Assets to reduce memory usage. Loaded Objects now: 2223.
Total: 3.514397 ms (FindLiveObjects: 0.327932 ms CreateObjectMapping: 0.070418 ms MarkObjects: 1.917551 ms  DeleteObjects: 1.196687 ms)

========================================================================
Received Prepare
Platform WindowsStandaloneSupport does not support graphics device type 

Registering precompiled user dll's ...
Registered in 0.026206 seconds.
Begin MonoManager ReloadAssembly
Native extension for WindowsStandalone target not found
Native extension for OSXStandalone target not found
Refreshing native plugins compatible for Editor in 1.08 ms, found 1 plugins.
Preloading 0 native plugins for Editor in 0.00 ms.
Invoked RoslynAnalysisRunner static constructor.
RoslynAnalysisRunner will not be running.
RoslynAnalysisRunner has terminated.
Mono: successfully reloaded assembly
- Completed reload, in  2.049 seconds
Platform modules already initialized, skipping
Shader 'Sunshine/Nature/Terrain/Diffuse': dependency 'Details2' shader 'Hidden/Sunshine/TerrainEngine/Details/BillboardWavingDoublePass' not found
Shader 'Sunshine/Nature/Terrain/Specular': dependency 'BaseMapShader' shader 'Hidden/Sunshine/TerrainEngine/Splatmap/Specular-Base' not found
Shader 'Sunshine/Nature/Tree Creator Leaves Fast': dependency 'OptimizedShader' shader 'Hidden/Sunshine/Nature/Tree Creator Leaves Fast Optimized' not found
Shader 'Sunshine/Nature/Terrain/Diffuse': dependency 'Details2' shader 'Hidden/Sunshine/TerrainEngine/Details/BillboardWavingDoublePass' not found
Shader 'Sunshine/Nature/Terrain/Standard': dependency 'BaseMapShader' shader 'Hidden/Sunshine/TerrainEngine/Splatmap/Standard-Base' not found
Shader 'Sunshine/Mobile/Bumped Specular (1 Directional Light)': fallback shader 'Mobile/Bumped Specular (1 Directional Light)' not found
Refreshing native plugins compatible for Editor in 3.87 ms, found 1 plugins.
Preloading 0 native plugins for Editor in 0.00 ms.
Unloading 1488 Unused Serialized files (Serialized files now loaded: 0)
System memory in use before: 392.5 MB.
System memory in use after: 392.2 MB.

Unloading 16 unused Assets to reduce memory usage. Loaded Objects now: 2225.
Total: 13.606868 ms (FindLiveObjects: 2.246627 ms CreateObjectMapping: 0.656528 ms MarkObjects: 8.943673 ms  DeleteObjects: 1.756601 ms)

========================================================================
Received Prepare
Platform WindowsStandaloneSupport does not support graphics device type 

Registering precompiled user dll's ...
Registered in 0.026412 seconds.
Begin MonoManager ReloadAssembly
Native extension for WindowsStandalone target not found
Native extension for OSXStandalone target not found
Refreshing native plugins compatible for Editor in 1.58 ms, found 1 plugins.
Preloading 0 native plugins for Editor in 0.00 ms.
Invoked RoslynAnalysisRunner static constructor.
RoslynAnalysisRunner will not be running.
RoslynAnalysisRunner has terminated.
Mono: successfully reloaded assembly
- Completed reload, in  1.711 seconds
Platform modules already initialized, skipping
Shader 'Sunshine/Nature/Terrain/Diffuse': dependency 'Details2' shader 'Hidden/Sunshine/TerrainEngine/Details/BillboardWavingDoublePass' not found
Shader 'Sunshine/Nature/Terrain/Specular': dependency 'BaseMapShader' shader 'Hidden/Sunshine/TerrainEngine/Splatmap/Specular-Base' not found
Shader 'Sunshine/Nature/Tree Creator Leaves Fast': dependency 'OptimizedShader' shader 'Hidden/Sunshine/Nature/Tree Creator Leaves Fast Optimized' not found
Shader 'Sunshine/Nature/Terrain/Diffuse': dependency 'Details2' shader 'Hidden/Sunshine/TerrainEngine/Details/BillboardWavingDoublePass' not found
Shader 'Sunshine/Nature/Terrain/Standard': dependency 'BaseMapShader' shader 'Hidden/Sunshine/TerrainEngine/Splatmap/Standard-Base' not found
Shader 'Sunshine/Mobile/Bumped Specular (1 Directional Light)': fallback shader 'Mobile/Bumped Specular (1 Directional Light)' not found
Refreshing native plugins compatible for Editor in 1.71 ms, found 1 plugins.
Preloading 0 native plugins for Editor in 0.00 ms.
Unloading 1488 Unused Serialized files (Serialized files now loaded: 0)
System memory in use before: 393.3 MB.
System memory in use after: 392.9 MB.

Unloading 16 unused Assets to reduce memory usage. Loaded Objects now: 2227.
Total: 4.451614 ms (FindLiveObjects: 0.490021 ms CreateObjectMapping: 0.177751 ms MarkObjects: 2.668007 ms  DeleteObjects: 1.113592 ms)

========================================================================
Received Prepare
Platform WindowsStandaloneSupport does not support graphics device type 

Registering precompiled user dll's ...
Registered in 0.024702 seconds.
Begin MonoManager ReloadAssembly
Native extension for WindowsStandalone target not found
Native extension for OSXStandalone target not found
Refreshing native plugins compatible for Editor in 1.62 ms, found 1 plugins.
Preloading 0 native plugins for Editor in 0.00 ms.
Invoked RoslynAnalysisRunner static constructor.
RoslynAnalysisRunner will not be running.
RoslynAnalysisRunner has terminated.
Mono: successfully reloaded assembly
- Completed reload, in  1.756 seconds
Platform modules already initialized, skipping
Shader 'Sunshine/Nature/Terrain/Diffuse': dependency 'Details2' shader 'Hidden/Sunshine/TerrainEngine/Details/BillboardWavingDoublePass' not found
Shader 'Sunshine/Nature/Terrain/Specular': dependency 'BaseMapShader' shader 'Hidden/Sunshine/TerrainEngine/Splatmap/Specular-Base' not found
Shader 'Sunshine/Nature/Tree Creator Leaves Fast': dependency 'OptimizedShader' shader 'Hidden/Sunshine/Nature/Tree Creator Leaves Fast Optimized' not found
Shader 'Sunshine/Nature/Terrain/Diffuse': dependency 'Details2' shader 'Hidden/Sunshine/TerrainEngine/Details/BillboardWavingDoublePass' not found
Shader 'Sunshine/Nature/Terrain/Standard': dependency 'BaseMapShader' shader 'Hidden/Sunshine/TerrainEngine/Splatmap/Standard-Base' not found
Shader 'Sunshine/Mobile/Bumped Specular (1 Directional Light)': fallback shader 'Mobile/Bumped Specular (1 Directional Light)' not found
Refreshing native plugins compatible for Editor in 1.07 ms, found 1 plugins.
Preloading 0 native plugins for Editor in 0.00 ms.
Unloading 1488 Unused Serialized files (Serialized files now loaded: 0)
System memory in use before: 394.0 MB.
System memory in use after: 393.6 MB.

Unloading 16 unused Assets to reduce memory usage. Loaded Objects now: 2229.
Total: 3.025767 ms (FindLiveObjects: 0.318928 ms CreateObjectMapping: 0.067126 ms MarkObjects: 1.832876 ms  DeleteObjects: 0.805429 ms)

========================================================================
Received Prepare
Platform WindowsStandaloneSupport does not support graphics device type 

Registering precompiled user dll's ...
Registered in 0.018954 seconds.
Begin MonoManager ReloadAssembly
Native extension for WindowsStandalone target not found
Native extension for OSXStandalone target not found
Refreshing native plugins compatible for Editor in 1.23 ms, found 1 plugins.
Preloading 0 native plugins for Editor in 0.00 ms.
Invoked RoslynAnalysisRunner static constructor.
RoslynAnalysisRunner will not be running.
RoslynAnalysisRunner has terminated.
Mono: successfully reloaded assembly
- Completed reload, in  1.674 seconds
Platform modules already initialized, skipping
Shader 'Sunshine/Nature/Terrain/Diffuse': dependency 'Details2' shader 'Hidden/Sunshine/TerrainEngine/Details/BillboardWavingDoublePass' not found
Shader 'Sunshine/Nature/Terrain/Specular': dependency 'BaseMapShader' shader 'Hidden/Sunshine/TerrainEngine/Splatmap/Specular-Base' not found
Shader 'Sunshine/Nature/Tree Creator Leaves Fast': dependency 'OptimizedShader' shader 'Hidden/Sunshine/Nature/Tree Creator Leaves Fast Optimized' not found
Shader 'Sunshine/Nature/Terrain/Diffuse': dependency 'Details2' shader 'Hidden/Sunshine/TerrainEngine/Details/BillboardWavingDoublePass' not found
Shader 'Sunshine/Nature/Terrain/Standard': dependency 'BaseMapShader' shader 'Hidden/Sunshine/TerrainEngine/Splatmap/Standard-Base' not found
Shader 'Sunshine/Mobile/Bumped Specular (1 Directional Light)': fallback shader 'Mobile/Bumped Specular (1 Directional Light)' not found
Refreshing native plugins compatible for Editor in 1.08 ms, found 1 plugins.
Preloading 0 native plugins for Editor in 0.00 ms.
Unloading 1488 Unused Serialized files (Serialized files now loaded: 0)
System memory in use before: 395.7 MB.
System memory in use after: 395.3 MB.

Unloading 16 unused Assets to reduce memory usage. Loaded Objects now: 2231.
Total: 3.753767 ms (FindLiveObjects: 0.446239 ms CreateObjectMapping: 0.172026 ms MarkObjects: 2.078020 ms  DeleteObjects: 1.055714 ms)

========================================================================
Received Prepare
Platform WindowsStandaloneSupport does not support graphics device type 

Registering precompiled user dll's ...
Registered in 0.023976 seconds.
Begin MonoManager ReloadAssembly
Native extension for WindowsStandalone target not found
Native extension for OSXStandalone target not found
Refreshing native plugins compatible for Editor in 2.11 ms, found 1 plugins.
Preloading 0 native plugins for Editor in 0.00 ms.
Invoked RoslynAnalysisRunner static constructor.
RoslynAnalysisRunner will not be running.
RoslynAnalysisRunner has terminated.
Mono: successfully reloaded assembly
- Completed reload, in  2.337 seconds
Platform modules already initialized, skipping
Shader 'Sunshine/Nature/Terrain/Diffuse': dependency 'Details2' shader 'Hidden/Sunshine/TerrainEngine/Details/BillboardWavingDoublePass' not found
Shader 'Sunshine/Nature/Terrain/Specular': dependency 'BaseMapShader' shader 'Hidden/Sunshine/TerrainEngine/Splatmap/Specular-Base' not found
Shader 'Sunshine/Nature/Tree Creator Leaves Fast': dependency 'OptimizedShader' shader 'Hidden/Sunshine/Nature/Tree Creator Leaves Fast Optimized' not found
Shader 'Sunshine/Nature/Terrain/Diffuse': dependency 'Details2' shader 'Hidden/Sunshine/TerrainEngine/Details/BillboardWavingDoublePass' not found
Shader 'Sunshine/Nature/Terrain/Standard': dependency 'BaseMapShader' shader 'Hidden/Sunshine/TerrainEngine/Splatmap/Standard-Base' not found
Shader 'Sunshine/Mobile/Bumped Specular (1 Directional Light)': fallback shader 'Mobile/Bumped Specular (1 Directional Light)' not found
Refreshing native plugins compatible for Editor in 1.39 ms, found 1 plugins.
Preloading 0 native plugins for Editor in 0.00 ms.
Unloading 1488 Unused Serialized files (Serialized files now loaded: 0)
System memory in use before: 395.5 MB.
System memory in use after: 395.1 MB.

Unloading 16 unused Assets to reduce memory usage. Loaded Objects now: 2233.
Total: 5.644529 ms (FindLiveObjects: 0.414477 ms CreateObjectMapping: 0.092302 ms MarkObjects: 4.092974 ms  DeleteObjects: 1.042706 ms)

========================================================================
Received Prepare
Platform WindowsStandaloneSupport does not support graphics device type 

Registering precompiled user dll's ...
Registered in 0.019102 seconds.
Begin MonoManager ReloadAssembly
Native extension for WindowsStandalone target not found
Native extension for OSXStandalone target not found
Refreshing native plugins compatible for Editor in 1.09 ms, found 1 plugins.
Preloading 0 native plugins for Editor in 0.00 ms.
Invoked RoslynAnalysisRunner static constructor.
RoslynAnalysisRunner will not be running.
RoslynAnalysisRunner has terminated.
Mono: successfully reloaded assembly
- Completed reload, in  1.867 seconds
Platform modules already initialized, skipping
Shader 'Sunshine/Nature/Terrain/Diffuse': dependency 'Details2' shader 'Hidden/Sunshine/TerrainEngine/Details/BillboardWavingDoublePass' not found
Shader 'Sunshine/Nature/Terrain/Specular': dependency 'BaseMapShader' shader 'Hidden/Sunshine/TerrainEngine/Splatmap/Specular-Base' not found
Shader 'Sunshine/Nature/Tree Creator Leaves Fast': dependency 'OptimizedShader' shader 'Hidden/Sunshine/Nature/Tree Creator Leaves Fast Optimized' not found
Shader 'Sunshine/Nature/Terrain/Diffuse': dependency 'Details2' shader 'Hidden/Sunshine/TerrainEngine/Details/BillboardWavingDoublePass' not found
Shader 'Sunshine/Nature/Terrain/Standard': dependency 'BaseMapShader' shader 'Hidden/Sunshine/TerrainEngine/Splatmap/Standard-Base' not found
Shader 'Sunshine/Mobile/Bumped Specular (1 Directional Light)': fallback shader 'Mobile/Bumped Specular (1 Directional Light)' not found
Refreshing native plugins compatible for Editor in 0.99 ms, found 1 plugins.
Preloading 0 native plugins for Editor in 0.00 ms.
Unloading 1488 Unused Serialized files (Serialized files now loaded: 0)
System memory in use before: 396.2 MB.
System memory in use after: 395.8 MB.

Unloading 16 unused Assets to reduce memory usage. Loaded Objects now: 2235.
Total: 3.118486 ms (FindLiveObjects: 0.447397 ms CreateObjectMapping: 0.119659 ms MarkObjects: 1.768222 ms  DeleteObjects: 0.782050 ms)

========================================================================
Received Prepare
Platform WindowsStandaloneSupport does not support graphics device type 

Registering precompiled user dll's ...
Registered in 0.026465 seconds.
Begin MonoManager ReloadAssembly
Native extension for WindowsStandalone target not found
Native extension for OSXStandalone target not found
Refreshing native plugins compatible for Editor in 1.51 ms, found 1 plugins.
Preloading 0 native plugins for Editor in 0.00 ms.
Invoked RoslynAnalysisRunner static constructor.
RoslynAnalysisRunner will not be running.
RoslynAnalysisRunner has terminated.
Mono: successfully reloaded assembly
- Completed reload, in  2.490 seconds
Platform modules already initialized, skipping
Shader 'Sunshine/Nature/Terrain/Diffuse': dependency 'Details2' shader 'Hidden/Sunshine/TerrainEngine/Details/BillboardWavingDoublePass' not found
Shader 'Sunshine/Nature/Terrain/Specular': dependency 'BaseMapShader' shader 'Hidden/Sunshine/TerrainEngine/Splatmap/Specular-Base' not found
Shader 'Sunshine/Nature/Tree Creator Leaves Fast': dependency 'OptimizedShader' shader 'Hidden/Sunshine/Nature/Tree Creator Leaves Fast Optimized' not found
Shader 'Sunshine/Nature/Terrain/Diffuse': dependency 'Details2' shader 'Hidden/Sunshine/TerrainEngine/Details/BillboardWavingDoublePass' not found
Shader 'Sunshine/Nature/Terrain/Standard': dependency 'BaseMapShader' shader 'Hidden/Sunshine/TerrainEngine/Splatmap/Standard-Base' not found
Shader 'Sunshine/Mobile/Bumped Specular (1 Directional Light)': fallback shader 'Mobile/Bumped Specular (1 Directional Light)' not found
Refreshing native plugins compatible for Editor in 1.98 ms, found 1 plugins.
Preloading 0 native plugins for Editor in 0.00 ms.
Unloading 1488 Unused Serialized files (Serialized files now loaded: 0)
System memory in use before: 397.0 MB.
System memory in use after: 396.6 MB.

Unloading 16 unused Assets to reduce memory usage. Loaded Objects now: 2237.
Total: 6.907285 ms (FindLiveObjects: 1.099247 ms CreateObjectMapping: 0.235473 ms MarkObjects: 4.154201 ms  DeleteObjects: 1.415777 ms)

========================================================================
Received Prepare
Platform WindowsStandaloneSupport does not support graphics device type 

Registering precompiled user dll's ...
Registered in 0.064541 seconds.
Begin MonoManager ReloadAssembly
Native extension for WindowsStandalone target not found
Native extension for OSXStandalone target not found
Refreshing native plugins compatible for Editor in 1.89 ms, found 1 plugins.
Preloading 0 native plugins for Editor in 0.00 ms.
Invoked RoslynAnalysisRunner static constructor.
RoslynAnalysisRunner will not be running.
RoslynAnalysisRunner has terminated.
Mono: successfully reloaded assembly
- Completed reload, in  5.945 seconds
Platform modules already initialized, skipping
Shader 'Sunshine/Nature/Terrain/Diffuse': dependency 'Details2' shader 'Hidden/Sunshine/TerrainEngine/Details/BillboardWavingDoublePass' not found
Shader 'Sunshine/Nature/Terrain/Specular': dependency 'BaseMapShader' shader 'Hidden/Sunshine/TerrainEngine/Splatmap/Specular-Base' not found
Shader 'Sunshine/Nature/Tree Creator Leaves Fast': dependency 'OptimizedShader' shader 'Hidden/Sunshine/Nature/Tree Creator Leaves Fast Optimized' not found
Shader 'Sunshine/Nature/Terrain/Diffuse': dependency 'Details2' shader 'Hidden/Sunshine/TerrainEngine/Details/BillboardWavingDoublePass' not found
Shader 'Sunshine/Nature/Terrain/Standard': dependency 'BaseMapShader' shader 'Hidden/Sunshine/TerrainEngine/Splatmap/Standard-Base' not found
Shader 'Sunshine/Mobile/Bumped Specular (1 Directional Light)': fallback shader 'Mobile/Bumped Specular (1 Directional Light)' not found
Refreshing native plugins compatible for Editor in 1.55 ms, found 1 plugins.
Preloading 0 native plugins for Editor in 0.00 ms.
Unloading 1488 Unused Serialized files (Serialized files now loaded: 0)
System memory in use before: 397.7 MB.
System memory in use after: 397.3 MB.

Unloading 16 unused Assets to reduce memory usage. Loaded Objects now: 2239.
Total: 3.625454 ms (FindLiveObjects: 0.564048 ms CreateObjectMapping: 0.140681 ms MarkObjects: 1.935616 ms  DeleteObjects: 0.982749 ms)

========================================================================
Received Prepare
Platform WindowsStandaloneSupport does not support graphics device type 

Registering precompiled user dll's ...
Registered in 0.021211 seconds.
Begin MonoManager ReloadAssembly
Native extension for WindowsStandalone target not found
Native extension for OSXStandalone target not found
Refreshing native plugins compatible for Editor in 1.45 ms, found 1 plugins.
Preloading 0 native plugins for Editor in 0.00 ms.
Invoked RoslynAnalysisRunner static constructor.
RoslynAnalysisRunner will not be running.
RoslynAnalysisRunner has terminated.
Mono: successfully reloaded assembly
- Completed reload, in  1.746 seconds
Platform modules already initialized, skipping
Shader 'Sunshine/Nature/Terrain/Diffuse': dependency 'Details2' shader 'Hidden/Sunshine/TerrainEngine/Details/BillboardWavingDoublePass' not found
Shader 'Sunshine/Nature/Terrain/Specular': dependency 'BaseMapShader' shader 'Hidden/Sunshine/TerrainEngine/Splatmap/Specular-Base' not found
Shader 'Sunshine/Nature/Tree Creator Leaves Fast': dependency 'OptimizedShader' shader 'Hidden/Sunshine/Nature/Tree Creator Leaves Fast Optimized' not found
Shader 'Sunshine/Nature/Terrain/Diffuse': dependency 'Details2' shader 'Hidden/Sunshine/TerrainEngine/Details/BillboardWavingDoublePass' not found
Shader 'Sunshine/Nature/Terrain/Standard': dependency 'BaseMapShader' shader 'Hidden/Sunshine/TerrainEngine/Splatmap/Standard-Base' not found
Shader 'Sunshine/Mobile/Bumped Specular (1 Directional Light)': fallback shader 'Mobile/Bumped Specular (1 Directional Light)' not found
Refreshing native plugins compatible for Editor in 1.49 ms, found 1 plugins.
Preloading 0 native plugins for Editor in 0.00 ms.
Unloading 1488 Unused Serialized files (Serialized files now loaded: 0)
System memory in use before: 398.4 MB.
System memory in use after: 398.0 MB.

Unloading 16 unused Assets to reduce memory usage. Loaded Objects now: 2241.
Total: 3.309627 ms (FindLiveObjects: 0.368895 ms CreateObjectMapping: 0.082552 ms MarkObjects: 1.931761 ms  DeleteObjects: 0.924984 ms)

========================================================================
Received Prepare
Platform WindowsStandaloneSupport does not support graphics device type 

Registering precompiled user dll's ...
Registered in 0.027423 seconds.
Begin MonoManager ReloadAssembly
Native extension for WindowsStandalone target not found
Native extension for OSXStandalone target not found
Refreshing native plugins compatible for Editor in 3.65 ms, found 1 plugins.
Preloading 0 native plugins for Editor in 0.00 ms.
Invoked RoslynAnalysisRunner static constructor.
RoslynAnalysisRunner will not be running.
RoslynAnalysisRunner has terminated.
Mono: successfully reloaded assembly
- Completed reload, in  5.183 seconds
Platform modules already initialized, skipping
Shader 'Sunshine/Nature/Terrain/Diffuse': dependency 'Details2' shader 'Hidden/Sunshine/TerrainEngine/Details/BillboardWavingDoublePass' not found
Shader 'Sunshine/Nature/Terrain/Specular': dependency 'BaseMapShader' shader 'Hidden/Sunshine/TerrainEngine/Splatmap/Specular-Base' not found
Shader 'Sunshine/Nature/Tree Creator Leaves Fast': dependency 'OptimizedShader' shader 'Hidden/Sunshine/Nature/Tree Creator Leaves Fast Optimized' not found
Shader 'Sunshine/Nature/Terrain/Diffuse': dependency 'Details2' shader 'Hidden/Sunshine/TerrainEngine/Details/BillboardWavingDoublePass' not found
Shader 'Sunshine/Nature/Terrain/Standard': dependency 'BaseMapShader' shader 'Hidden/Sunshine/TerrainEngine/Splatmap/Standard-Base' not found
Shader 'Sunshine/Mobile/Bumped Specular (1 Directional Light)': fallback shader 'Mobile/Bumped Specular (1 Directional Light)' not found
Refreshing native plugins compatible for Editor in 1.83 ms, found 1 plugins.
Preloading 0 native plugins for Editor in 0.00 ms.
Unloading 1488 Unused Serialized files (Serialized files now loaded: 0)
System memory in use before: 399.2 MB.
System memory in use after: 398.8 MB.

Unloading 16 unused Assets to reduce memory usage. Loaded Objects now: 2243.
Total: 6.118638 ms (FindLiveObjects: 0.880636 ms CreateObjectMapping: 0.207798 ms MarkObjects: 3.750671 ms  DeleteObjects: 1.277128 ms)

========================================================================
Received Prepare
Platform WindowsStandaloneSupport does not support graphics device type 

Registering precompiled user dll's ...
Registered in 0.024851 seconds.
Begin MonoManager ReloadAssembly
Native extension for WindowsStandalone target not found
Native extension for OSXStandalone target not found
Refreshing native plugins compatible for Editor in 2.56 ms, found 1 plugins.
Preloading 0 native plugins for Editor in 0.00 ms.
Invoked RoslynAnalysisRunner static constructor.
RoslynAnalysisRunner will not be running.
RoslynAnalysisRunner has terminated.
Mono: successfully reloaded assembly
- Completed reload, in  4.673 seconds
Platform modules already initialized, skipping
Shader 'Sunshine/Nature/Terrain/Diffuse': dependency 'Details2' shader 'Hidden/Sunshine/TerrainEngine/Details/BillboardWavingDoublePass' not found
Shader 'Sunshine/Nature/Terrain/Specular': dependency 'BaseMapShader' shader 'Hidden/Sunshine/TerrainEngine/Splatmap/Specular-Base' not found
Shader 'Sunshine/Nature/Tree Creator Leaves Fast': dependency 'OptimizedShader' shader 'Hidden/Sunshine/Nature/Tree Creator Leaves Fast Optimized' not found
Shader 'Sunshine/Nature/Terrain/Diffuse': dependency 'Details2' shader 'Hidden/Sunshine/TerrainEngine/Details/BillboardWavingDoublePass' not found
Shader 'Sunshine/Nature/Terrain/Standard': dependency 'BaseMapShader' shader 'Hidden/Sunshine/TerrainEngine/Splatmap/Standard-Base' not found
Shader 'Sunshine/Mobile/Bumped Specular (1 Directional Light)': fallback shader 'Mobile/Bumped Specular (1 Directional Light)' not found
Refreshing native plugins compatible for Editor in 1.76 ms, found 1 plugins.
Preloading 0 native plugins for Editor in 0.00 ms.
Unloading 1488 Unused Serialized files (Serialized files now loaded: 0)
System memory in use before: 399.9 MB.
System memory in use after: 399.5 MB.

Unloading 16 unused Assets to reduce memory usage. Loaded Objects now: 2245.
Total: 4.605912 ms (FindLiveObjects: 0.514453 ms CreateObjectMapping: 0.093241 ms MarkObjects: 2.820817 ms  DeleteObjects: 1.175162 ms)

========================================================================
Received Import Request.
  Time since last request: 17685.856130 seconds.
  path: Assets/models/cave/room02/Materials/textures/room02a_alt03_ice_walls_DISP.png
  artifactKey: Guid(b49993d3b04564bac859be29abffc2c1) Importer(815301076,1909f56bfc062723c751e8b465ee728b)
Start importing Assets/models/cave/room02/Materials/textures/room02a_alt03_ice_walls_DISP.png using Guid(b49993d3b04564bac859be29abffc2c1) Importer(815301076,1909f56bfc062723c751e8b465ee728b)  -> (artifact id: 'ecd90cd32a8d62116e7546ed7619b369') in 2.769125 seconds
  Import took 2.999787 seconds .

========================================================================
Received Import Request.
  Time since last request: 4.488224 seconds.
  path: Assets/models/cave/room02/Materials/textures/room02a_alt03_ice_walls_NRM.png
  artifactKey: Guid(0fe86738dc1594630a792dd036e5c7dd) Importer(815301076,1909f56bfc062723c751e8b465ee728b)
Start importing Assets/models/cave/room02/Materials/textures/room02a_alt03_ice_walls_NRM.png using Guid(0fe86738dc1594630a792dd036e5c7dd) Importer(815301076,1909f56bfc062723c751e8b465ee728b)  -> (artifact id: '36c2f77400bc1c15825bbdc0adf7d540') in 0.045427 seconds
  Import took 0.054430 seconds .

========================================================================
Received Import Request.
  Time since last request: 11.645502 seconds.
  path: Assets/models/cave/room02/Materials/textures/room02a_alt03_ice_walls_NRM.png
  artifactKey: Guid(0fe86738dc1594630a792dd036e5c7dd) Importer(815301076,1909f56bfc062723c751e8b465ee728b)
Start importing Assets/models/cave/room02/Materials/textures/room02a_alt03_ice_walls_NRM.png using Guid(0fe86738dc1594630a792dd036e5c7dd) Importer(815301076,1909f56bfc062723c751e8b465ee728b)  -> (artifact id: 'a620893a992f239f579748ecd03b6d09') in 1.162477 seconds
  Import took 1.171528 seconds .

========================================================================
Received Prepare
Platform WindowsStandaloneSupport does not support graphics device type 

Registering precompiled user dll's ...
Registered in 0.028200 seconds.
Begin MonoManager ReloadAssembly
Native extension for WindowsStandalone target not found
Native extension for OSXStandalone target not found
Refreshing native plugins compatible for Editor in 1.24 ms, found 1 plugins.
Preloading 0 native plugins for Editor in 0.00 ms.
Invoked RoslynAnalysisRunner static constructor.
RoslynAnalysisRunner will not be running.
RoslynAnalysisRunner has terminated.
Mono: successfully reloaded assembly
- Completed reload, in  3.022 seconds
Platform modules already initialized, skipping
Shader 'Sunshine/Nature/Terrain/Diffuse': dependency 'Details2' shader 'Hidden/Sunshine/TerrainEngine/Details/BillboardWavingDoublePass' not found
Shader 'Sunshine/Nature/Terrain/Specular': dependency 'BaseMapShader' shader 'Hidden/Sunshine/TerrainEngine/Splatmap/Specular-Base' not found
Shader 'Sunshine/Nature/Tree Creator Leaves Fast': dependency 'OptimizedShader' shader 'Hidden/Sunshine/Nature/Tree Creator Leaves Fast Optimized' not found
Shader 'Sunshine/Nature/Terrain/Diffuse': dependency 'Details2' shader 'Hidden/Sunshine/TerrainEngine/Details/BillboardWavingDoublePass' not found
Shader 'Sunshine/Nature/Terrain/Standard': dependency 'BaseMapShader' shader 'Hidden/Sunshine/TerrainEngine/Splatmap/Standard-Base' not found
Shader 'Sunshine/Mobile/Bumped Specular (1 Directional Light)': fallback shader 'Mobile/Bumped Specular (1 Directional Light)' not found
Refreshing native plugins compatible for Editor in 1.09 ms, found 1 plugins.
Preloading 0 native plugins for Editor in 0.00 ms.
Unloading 1488 Unused Serialized files (Serialized files now loaded: 0)
System memory in use before: 405.2 MB.
System memory in use after: 404.8 MB.

Unloading 16 unused Assets to reduce memory usage. Loaded Objects now: 2251.
Total: 3.365454 ms (FindLiveObjects: 0.390891 ms CreateObjectMapping: 0.074890 ms MarkObjects: 2.020341 ms  DeleteObjects: 0.877566 ms)

========================================================================
Received Import Request.
  Time since last request: 422.858308 seconds.
  path: Assets/models/cave/room02/Materials/textures/room02a_alt03_ice_walls.png
  artifactKey: Guid(40a30c0c1358f4c6fac7de989b43d9a5) Importer(815301076,1909f56bfc062723c751e8b465ee728b)
Start importing Assets/models/cave/room02/Materials/textures/room02a_alt03_ice_walls.png using Guid(40a30c0c1358f4c6fac7de989b43d9a5) Importer(815301076,1909f56bfc062723c751e8b465ee728b)  -> (artifact id: '5851f4f2266e0eacaa8ac8c985d27fe5') in 0.090703 seconds
  Import took 0.098473 seconds .

========================================================================
Received Prepare
Platform WindowsStandaloneSupport does not support graphics device type 

Registering precompiled user dll's ...
Registered in 0.028155 seconds.
Begin MonoManager ReloadAssembly
Native extension for WindowsStandalone target not found
Native extension for OSXStandalone target not found
Refreshing native plugins compatible for Editor in 1.44 ms, found 1 plugins.
Preloading 0 native plugins for Editor in 0.00 ms.
Invoked RoslynAnalysisRunner static constructor.
RoslynAnalysisRunner will not be running.
RoslynAnalysisRunner has terminated.
Mono: successfully reloaded assembly
- Completed reload, in  1.983 seconds
Platform modules already initialized, skipping
Shader 'Sunshine/Nature/Terrain/Diffuse': dependency 'Details2' shader 'Hidden/Sunshine/TerrainEngine/Details/BillboardWavingDoublePass' not found
Shader 'Sunshine/Nature/Terrain/Specular': dependency 'BaseMapShader' shader 'Hidden/Sunshine/TerrainEngine/Splatmap/Specular-Base' not found
Shader 'Sunshine/Nature/Tree Creator Leaves Fast': dependency 'OptimizedShader' shader 'Hidden/Sunshine/Nature/Tree Creator Leaves Fast Optimized' not found
Shader 'Sunshine/Nature/Terrain/Diffuse': dependency 'Details2' shader 'Hidden/Sunshine/TerrainEngine/Details/BillboardWavingDoublePass' not found
Shader 'Sunshine/Nature/Terrain/Standard': dependency 'BaseMapShader' shader 'Hidden/Sunshine/TerrainEngine/Splatmap/Standard-Base' not found
Shader 'Sunshine/Mobile/Bumped Specular (1 Directional Light)': fallback shader 'Mobile/Bumped Specular (1 Directional Light)' not found
Refreshing native plugins compatible for Editor in 1.17 ms, found 1 plugins.
Preloading 0 native plugins for Editor in 0.00 ms.
Unloading 1488 Unused Serialized files (Serialized files now loaded: 0)
System memory in use before: 405.9 MB.
System memory in use after: 405.5 MB.

Unloading 16 unused Assets to reduce memory usage. Loaded Objects now: 2253.
Total: 3.341853 ms (FindLiveObjects: 0.224487 ms CreateObjectMapping: 0.060845 ms MarkObjects: 2.163663 ms  DeleteObjects: 0.891439 ms)

========================================================================
Received Prepare
Platform WindowsStandaloneSupport does not support graphics device type 

Registering precompiled user dll's ...
Registered in 0.022169 seconds.
Begin MonoManager ReloadAssembly
Native extension for WindowsStandalone target not found
Native extension for OSXStandalone target not found
Refreshing native plugins compatible for Editor in 1.09 ms, found 1 plugins.
Preloading 0 native plugins for Editor in 0.00 ms.
Invoked RoslynAnalysisRunner static constructor.
RoslynAnalysisRunner will not be running.
RoslynAnalysisRunner has terminated.
Mono: successfully reloaded assembly
- Completed reload, in  2.050 seconds
Platform modules already initialized, skipping
Shader 'Sunshine/Nature/Terrain/Diffuse': dependency 'Details2' shader 'Hidden/Sunshine/TerrainEngine/Details/BillboardWavingDoublePass' not found
Shader 'Sunshine/Nature/Terrain/Specular': dependency 'BaseMapShader' shader 'Hidden/Sunshine/TerrainEngine/Splatmap/Specular-Base' not found
Shader 'Sunshine/Nature/Tree Creator Leaves Fast': dependency 'OptimizedShader' shader 'Hidden/Sunshine/Nature/Tree Creator Leaves Fast Optimized' not found
Shader 'Sunshine/Nature/Terrain/Diffuse': dependency 'Details2' shader 'Hidden/Sunshine/TerrainEngine/Details/BillboardWavingDoublePass' not found
Shader 'Sunshine/Nature/Terrain/Standard': dependency 'BaseMapShader' shader 'Hidden/Sunshine/TerrainEngine/Splatmap/Standard-Base' not found
Shader 'Sunshine/Mobile/Bumped Specular (1 Directional Light)': fallback shader 'Mobile/Bumped Specular (1 Directional Light)' not found
Refreshing native plugins compatible for Editor in 1.13 ms, found 1 plugins.
Preloading 0 native plugins for Editor in 0.00 ms.
Unloading 1488 Unused Serialized files (Serialized files now loaded: 0)
System memory in use before: 406.6 MB.
System memory in use after: 406.2 MB.

Unloading 16 unused Assets to reduce memory usage. Loaded Objects now: 2255.
Total: 3.425318 ms (FindLiveObjects: 0.430250 ms CreateObjectMapping: 0.198194 ms MarkObjects: 1.918822 ms  DeleteObjects: 0.876746 ms)

========================================================================
Received Prepare
Platform WindowsStandaloneSupport does not support graphics device type 

Registering precompiled user dll's ...
Registered in 0.025086 seconds.
Begin MonoManager ReloadAssembly
Native extension for WindowsStandalone target not found
Native extension for OSXStandalone target not found
Refreshing native plugins compatible for Editor in 1.11 ms, found 1 plugins.
Preloading 0 native plugins for Editor in 0.00 ms.
Invoked RoslynAnalysisRunner static constructor.
RoslynAnalysisRunner will not be running.
RoslynAnalysisRunner has terminated.
Mono: successfully reloaded assembly
- Completed reload, in  2.074 seconds
Platform modules already initialized, skipping
Shader 'Sunshine/Nature/Terrain/Diffuse': dependency 'Details2' shader 'Hidden/Sunshine/TerrainEngine/Details/BillboardWavingDoublePass' not found
Shader 'Sunshine/Nature/Terrain/Specular': dependency 'BaseMapShader' shader 'Hidden/Sunshine/TerrainEngine/Splatmap/Specular-Base' not found
Shader 'Sunshine/Nature/Tree Creator Leaves Fast': dependency 'OptimizedShader' shader 'Hidden/Sunshine/Nature/Tree Creator Leaves Fast Optimized' not found
Shader 'Sunshine/Nature/Terrain/Diffuse': dependency 'Details2' shader 'Hidden/Sunshine/TerrainEngine/Details/BillboardWavingDoublePass' not found
Shader 'Sunshine/Nature/Terrain/Standard': dependency 'BaseMapShader' shader 'Hidden/Sunshine/TerrainEngine/Splatmap/Standard-Base' not found
Shader 'Sunshine/Mobile/Bumped Specular (1 Directional Light)': fallback shader 'Mobile/Bumped Specular (1 Directional Light)' not found
Refreshing native plugins compatible for Editor in 1.16 ms, found 1 plugins.
Preloading 0 native plugins for Editor in 0.00 ms.
Unloading 1488 Unused Serialized files (Serialized files now loaded: 0)
System memory in use before: 407.4 MB.
System memory in use after: 407.0 MB.

Unloading 16 unused Assets to reduce memory usage. Loaded Objects now: 2257.
Total: 3.281711 ms (FindLiveObjects: 0.366201 ms CreateObjectMapping: 0.066175 ms MarkObjects: 1.971963 ms  DeleteObjects: 0.875079 ms)

