Using pre-set license

 COMMAND LINE ARGUMENTS:
/Applications/2020.2.1f1/Unity.app/Contents/MacOS/Unity
-adb2
-batchMode
-noUpm
-name
AssetImportWorker4
-projectPath
/Users/paulhoover/Documents/code/games/unity/glass
-logFile
Logs/AssetImportWorker4.log
-srvPort
53803
Successfully changed project path to: /Users/paulhoover/Documents/code/games/unity/glass
/Users/paulhoover/Documents/code/games/unity/glass
Using Asset Import Pipeline V2.
Platform WindowsStandaloneSupport does not support graphics device type 

Refreshing native plugins compatible for Editor in 307.37 ms, found 1 plugins.
Preloading 0 native plugins for Editor in 0.00 ms.
Initialize engine version: 2020.2.1f1 (270dd8c3da1c)
[Subsystems] Discovering subsystems at path /Applications/2020.2.1f1/Unity.app/Contents/Resources/UnitySubsystems
[Subsystems] Discovering subsystems at path /Users/paulhoover/Documents/code/games/unity/glass/Assets
GfxDevice: creating device client; threaded=0
2021-06-01 20:19:41.988 Unity[14303:286241] Color LCD preferred device: Intel(R) Iris(TM) Graphics 6000 (low power)
2021-06-01 20:19:41.988 Unity[14303:286241] Metal devices available: 1
2021-06-01 20:19:41.988 Unity[14303:286241] 0: Intel(R) Iris(TM) Graphics 6000 (low power)
2021-06-01 20:19:41.989 Unity[14303:286241] Using device Intel(R) Iris(TM) Graphics 6000 (low power)
Initializing Metal device caps: Intel(R) Iris(TM) Graphics 6000
Shader 'Sunshine/Mobile/Bumped Specular (1 Directional Light)': fallback shader 'Mobile/Bumped Specular (1 Directional Light)' not found
Shader 'Sunshine/Nature/Terrain/Diffuse': dependency 'Details2' shader 'Hidden/Sunshine/TerrainEngine/Details/BillboardWavingDoublePass' not found
Shader 'Sunshine/Nature/Terrain/Specular': dependency 'BaseMapShader' shader 'Hidden/Sunshine/TerrainEngine/Splatmap/Specular-Base' not found
Shader 'Sunshine/Nature/Tree Creator Leaves Fast': dependency 'OptimizedShader' shader 'Hidden/Sunshine/Nature/Tree Creator Leaves Fast Optimized' not found
Shader 'Sunshine/Nature/Terrain/Standard': dependency 'BaseMapShader' shader 'Hidden/Sunshine/TerrainEngine/Splatmap/Standard-Base' not found
Initialize mono
Mono path[0] = '/Applications/2020.2.1f1/Unity.app/Contents/Managed'
Mono path[1] = '/Applications/2020.2.1f1/Unity.app/Contents/MonoBleedingEdge/lib/mono/unityjit'
Mono config path = '/Applications/2020.2.1f1/Unity.app/Contents/MonoBleedingEdge/etc'
Using monoOptions --debugger-agent=transport=dt_socket,embedding=1,server=y,suspend=n,address=127.0.0.1:56303
Begin MonoManager ReloadAssembly
Registering precompiled unity dll's ...
Register platform support module: /Applications/2020.2.1f1/Unity.app/Contents/PlaybackEngines/MacStandaloneSupport/UnityEditor.OSXStandalone.Extensions.dll
Register platform support module: /Applications/2020.2.1f1/PlaybackEngines/WindowsStandaloneSupport/UnityEditor.WindowsStandalone.Extensions.dll
Registered in 0.006399 seconds.
Native extension for WindowsStandalone target not found
Native extension for OSXStandalone target not found
Refreshing native plugins compatible for Editor in 288.64 ms, found 1 plugins.
Preloading 0 native plugins for Editor in 0.00 ms.
Invoked RoslynAnalysisRunner static constructor.
RoslynAnalysisRunner will not be running.
RoslynAnalysisRunner has terminated.
Mono: successfully reloaded assembly
- Completed reload, in 16.971 seconds
Platform modules already initialized, skipping
Registering precompiled user dll's ...
Registered in 0.039090 seconds.
